/home/nuc-lassie/practical_course/group_ws/src/control/simple_control/install/simple_control/lib/python3.10/site-packages/simple_control/__init__.py
/home/nuc-lassie/practical_course/group_ws/src/control/simple_control/install/simple_control/lib/python3.10/site-packages/simple_control/go_forward.py
/home/nuc-lassie/practical_course/group_ws/src/control/simple_control/install/simple_control/lib/python3.10/site-packages/simple_control/rotate_left_90.py
/home/nuc-lassie/practical_course/group_ws/src/control/simple_control/install/simple_control/lib/python3.10/site-packages/simple_control/rotate_left_90_odom.py
/home/nuc-lassie/practical_course/group_ws/src/control/simple_control/install/simple_control/lib/python3.10/site-packages/simple_control/__pycache__/__init__.cpython-310.pyc
/home/nuc-lassie/practical_course/group_ws/src/control/simple_control/install/simple_control/lib/python3.10/site-packages/simple_control/__pycache__/go_forward.cpython-310.pyc
/home/nuc-lassie/practical_course/group_ws/src/control/simple_control/install/simple_control/lib/python3.10/site-packages/simple_control/__pycache__/rotate_left_90.cpython-310.pyc
/home/nuc-lassie/practical_course/group_ws/src/control/simple_control/install/simple_control/lib/python3.10/site-packages/simple_control/__pycache__/rotate_left_90_odom.cpython-310.pyc
/home/nuc-lassie/practical_course/group_ws/src/control/simple_control/install/simple_control/share/ament_index/resource_index/packages/simple_control
/home/nuc-lassie/practical_course/group_ws/src/control/simple_control/install/simple_control/share/simple_control/package.xml
/home/nuc-lassie/practical_course/group_ws/src/control/simple_control/install/simple_control/lib/python3.10/site-packages/simple_control-0.0.0-py3.10.egg-info/PKG-INFO
/home/nuc-lassie/practical_course/group_ws/src/control/simple_control/install/simple_control/lib/python3.10/site-packages/simple_control-0.0.0-py3.10.egg-info/entry_points.txt
/home/nuc-lassie/practical_course/group_ws/src/control/simple_control/install/simple_control/lib/python3.10/site-packages/simple_control-0.0.0-py3.10.egg-info/zip-safe
/home/nuc-lassie/practical_course/group_ws/src/control/simple_control/install/simple_control/lib/python3.10/site-packages/simple_control-0.0.0-py3.10.egg-info/top_level.txt
/home/nuc-lassie/practical_course/group_ws/src/control/simple_control/install/simple_control/lib/python3.10/site-packages/simple_control-0.0.0-py3.10.egg-info/SOURCES.txt
/home/nuc-lassie/practical_course/group_ws/src/control/simple_control/install/simple_control/lib/python3.10/site-packages/simple_control-0.0.0-py3.10.egg-info/dependency_links.txt
/home/nuc-lassie/practical_course/group_ws/src/control/simple_control/install/simple_control/lib/python3.10/site-packages/simple_control-0.0.0-py3.10.egg-info/requires.txt
/home/nuc-lassie/practical_course/group_ws/src/control/simple_control/install/simple_control/lib/simple_control/go_forward
/home/nuc-lassie/practical_course/group_ws/src/control/simple_control/install/simple_control/lib/simple_control/rotate_left_90
/home/nuc-lassie/practical_course/group_ws/src/control/simple_control/install/simple_control/lib/simple_control/rotate_left_90_odom
