running egg_info
writing build/simple_control/simple_control.egg-info/PKG-INFO
writing dependency_links to build/simple_control/simple_control.egg-info/dependency_links.txt
writing entry points to build/simple_control/simple_control.egg-info/entry_points.txt
writing requirements to build/simple_control/simple_control.egg-info/requires.txt
writing top-level names to build/simple_control/simple_control.egg-info/top_level.txt
reading manifest file 'build/simple_control/simple_control.egg-info/SOURCES.txt'
writing manifest file 'build/simple_control/simple_control.egg-info/SOURCES.txt'
running build
running build_py
running install
running install_lib
running install_data
running install_egg_info
removing '/home/nuc-lassie/practical_course/group_ws/src/control/simple_control/install/simple_control/lib/python3.10/site-packages/simple_control-0.0.0-py3.10.egg-info' (and everything under it)
Copying build/simple_control/simple_control.egg-info to /home/nuc-lassie/practical_course/group_ws/src/control/simple_control/install/simple_control/lib/python3.10/site-packages/simple_control-0.0.0-py3.10.egg-info
running install_scripts
Installing go_forward script to /home/nuc-lassie/practical_course/group_ws/src/control/simple_control/install/simple_control/lib/simple_control
Installing rotate_left_90 script to /home/nuc-lassie/practical_course/group_ws/src/control/simple_control/install/simple_control/lib/simple_control
Installing rotate_left_90_odom script to /home/nuc-lassie/practical_course/group_ws/src/control/simple_control/install/simple_control/lib/simple_control
writing list of installed files to '/home/nuc-lassie/practical_course/group_ws/src/control/simple_control/build/simple_control/install.log'
