[0.507s] Invoking command in '/home/nuc-lassie/practical_course/group_ws/src/control/custom_services': AMENT_PREFIX_PATH=/home/nuc-lassie/practical_course/group_ws/src/install/pc_interfaces:${AMENT_PREFIX_PATH} CMAKE_PREFIX_PATH=/home/nuc-lassie/practical_course/group_ws/src/install/pc_interfaces:${CMAKE_PREFIX_PATH} LD_LIBRARY_PATH=/home/nuc-lassie/practical_course/group_ws/src/install/pc_interfaces/lib:${LD_LIBRARY_PATH} PYTHONPATH=/home/nuc-lassie/practical_course/group_ws/src/build/custom_services/prefix_override:/usr/lib/python3/dist-packages/colcon_core/task/python/colcon_distutils_commands:/home/nuc-lassie/practical_course/group_ws/src/install/custom_services/lib/python3.10/site-packages:/home/nuc-lassie/practical_course/group_ws/src/install/pc_interfaces/local/lib/python3.10/dist-packages:${PYTHONPATH} /usr/bin/python3 -W ignore:setup.py install is deprecated -W ignore:easy_install command is deprecated setup.py egg_info --egg-base ../../build/custom_services build --build-base /home/nuc-lassie/practical_course/group_ws/src/build/custom_services/build install --record /home/nuc-lassie/practical_course/group_ws/src/build/custom_services/install.log --single-version-externally-managed install_data
[0.675s] running egg_info
[0.675s] creating ../../build/custom_services/custom_services.egg-info
[0.675s] writing ../../build/custom_services/custom_services.egg-info/PKG-INFO
[0.676s] writing dependency_links to ../../build/custom_services/custom_services.egg-info/dependency_links.txt
[0.676s] writing entry points to ../../build/custom_services/custom_services.egg-info/entry_points.txt
[0.676s] writing requirements to ../../build/custom_services/custom_services.egg-info/requires.txt
[0.676s] writing top-level names to ../../build/custom_services/custom_services.egg-info/top_level.txt
[0.676s] writing manifest file '../../build/custom_services/custom_services.egg-info/SOURCES.txt'
[0.677s] reading manifest file '../../build/custom_services/custom_services.egg-info/SOURCES.txt'
[0.677s] adding license file 'LICENSE'
[0.677s] writing manifest file '../../build/custom_services/custom_services.egg-info/SOURCES.txt'
[0.678s] running build
[0.678s] running build_py
[0.678s] creating /home/nuc-lassie/practical_course/group_ws/src/build/custom_services/build
[0.678s] creating /home/nuc-lassie/practical_course/group_ws/src/build/custom_services/build/lib
[0.678s] creating /home/nuc-lassie/practical_course/group_ws/src/build/custom_services/build/lib/custom_services
[0.678s] copying custom_services/calculate_age_service.py -> /home/nuc-lassie/practical_course/group_ws/src/build/custom_services/build/lib/custom_services
[0.678s] copying custom_services/__init__.py -> /home/nuc-lassie/practical_course/group_ws/src/build/custom_services/build/lib/custom_services
[0.678s] running install
[0.678s] running install_lib
[0.678s] creating /home/nuc-lassie/practical_course/group_ws/src/install/custom_services/lib/python3.10/site-packages/custom_services
[0.679s] copying /home/nuc-lassie/practical_course/group_ws/src/build/custom_services/build/lib/custom_services/calculate_age_service.py -> /home/nuc-lassie/practical_course/group_ws/src/install/custom_services/lib/python3.10/site-packages/custom_services
[0.679s] copying /home/nuc-lassie/practical_course/group_ws/src/build/custom_services/build/lib/custom_services/__init__.py -> /home/nuc-lassie/practical_course/group_ws/src/install/custom_services/lib/python3.10/site-packages/custom_services
[0.679s] byte-compiling /home/nuc-lassie/practical_course/group_ws/src/install/custom_services/lib/python3.10/site-packages/custom_services/calculate_age_service.py to calculate_age_service.cpython-310.pyc
[0.679s] byte-compiling /home/nuc-lassie/practical_course/group_ws/src/install/custom_services/lib/python3.10/site-packages/custom_services/__init__.py to __init__.cpython-310.pyc
[0.679s] running install_data
[0.679s] creating /home/nuc-lassie/practical_course/group_ws/src/install/custom_services/share/ament_index
[0.679s] creating /home/nuc-lassie/practical_course/group_ws/src/install/custom_services/share/ament_index/resource_index
[0.679s] creating /home/nuc-lassie/practical_course/group_ws/src/install/custom_services/share/ament_index/resource_index/packages
[0.680s] copying resource/custom_services -> /home/nuc-lassie/practical_course/group_ws/src/install/custom_services/share/ament_index/resource_index/packages
[0.680s] copying package.xml -> /home/nuc-lassie/practical_course/group_ws/src/install/custom_services/share/custom_services
[0.680s] running install_egg_info
[0.681s] Copying ../../build/custom_services/custom_services.egg-info to /home/nuc-lassie/practical_course/group_ws/src/install/custom_services/lib/python3.10/site-packages/custom_services-0.0.0-py3.10.egg-info
[0.681s] running install_scripts
[0.695s] Installing calculate_age_service script to /home/nuc-lassie/practical_course/group_ws/src/install/custom_services/lib/custom_services
[0.695s] writing list of installed files to '/home/nuc-lassie/practical_course/group_ws/src/build/custom_services/install.log'
[0.712s] Invoked command in '/home/nuc-lassie/practical_course/group_ws/src/control/custom_services' returned '0': AMENT_PREFIX_PATH=/home/nuc-lassie/practical_course/group_ws/src/install/pc_interfaces:${AMENT_PREFIX_PATH} CMAKE_PREFIX_PATH=/home/nuc-lassie/practical_course/group_ws/src/install/pc_interfaces:${CMAKE_PREFIX_PATH} LD_LIBRARY_PATH=/home/nuc-lassie/practical_course/group_ws/src/install/pc_interfaces/lib:${LD_LIBRARY_PATH} PYTHONPATH=/home/nuc-lassie/practical_course/group_ws/src/build/custom_services/prefix_override:/usr/lib/python3/dist-packages/colcon_core/task/python/colcon_distutils_commands:/home/nuc-lassie/practical_course/group_ws/src/install/custom_services/lib/python3.10/site-packages:/home/nuc-lassie/practical_course/group_ws/src/install/pc_interfaces/local/lib/python3.10/dist-packages:${PYTHONPATH} /usr/bin/python3 -W ignore:setup.py install is deprecated -W ignore:easy_install command is deprecated setup.py egg_info --egg-base ../../build/custom_services build --build-base /home/nuc-lassie/practical_course/group_ws/src/build/custom_services/build install --record /home/nuc-lassie/practical_course/group_ws/src/build/custom_services/install.log --single-version-externally-managed install_data
