[  2%] Built target pc_interfaces__cpp
[ 12%] Built target pc_interfaces__rosidl_generator_c
[ 12%] Built target ament_cmake_python_copy_pc_interfaces
[ 28%] Built target pc_interfaces__rosidl_typesupport_cpp
[ 33%] Built target pc_interfaces__rosidl_typesupport_introspection_cpp
[ 43%] Built target pc_interfaces__rosidl_typesupport_fastrtps_c
[ 61%] Built target pc_interfaces__rosidl_typesupport_introspection_c
[ 64%] Built target pc_interfaces__rosidl_typesupport_c
[ 74%] Built target pc_interfaces__rosidl_typesupport_fastrtps_cpp
[ 74%] Built target pc_interfaces
[ 76%] Built target pc_interfaces__py
[ 84%] Built target pc_interfaces__rosidl_generator_py
[100%] Built target pc_interfaces__rosidl_typesupport_introspection_c__pyext
[100%] Built target pc_interfaces__rosidl_typesupport_c__pyext
[100%] Built target pc_interfaces__rosidl_typesupport_fastrtps_c__pyext
running egg_info
writing pc_interfaces.egg-info/PKG-INFO
writing dependency_links to pc_interfaces.egg-info/dependency_links.txt
writing top-level names to pc_interfaces.egg-info/top_level.txt
reading manifest file 'pc_interfaces.egg-info/SOURCES.txt'
writing manifest file 'pc_interfaces.egg-info/SOURCES.txt'
[100%] Built target ament_cmake_python_build_pc_interfaces_egg
-- Install configuration: ""
-- Up-to-date: /home/nuc-lassie/practical_course/group_ws/src/install/pc_interfaces/share/ament_index/resource_index/rosidl_interfaces/pc_interfaces
-- Up-to-date: /home/nuc-lassie/practical_course/group_ws/src/install/pc_interfaces/include/pc_interfaces/pc_interfaces
-- Up-to-date: /home/nuc-lassie/practical_course/group_ws/src/install/pc_interfaces/include/pc_interfaces/pc_interfaces/srv
-- Up-to-date: /home/nuc-lassie/practical_course/group_ws/src/install/pc_interfaces/include/pc_interfaces/pc_interfaces/srv/detail
-- Up-to-date: /home/nuc-lassie/practical_course/group_ws/src/install/pc_interfaces/include/pc_interfaces/pc_interfaces/srv/detail/return_student_age__functions.c
-- Up-to-date: /home/nuc-lassie/practical_course/group_ws/src/install/pc_interfaces/include/pc_interfaces/pc_interfaces/srv/detail/return_student_age__type_support.h
-- Up-to-date: /home/nuc-lassie/practical_course/group_ws/src/install/pc_interfaces/include/pc_interfaces/pc_interfaces/srv/detail/return_student_age__struct.h
-- Up-to-date: /home/nuc-lassie/practical_course/group_ws/src/install/pc_interfaces/include/pc_interfaces/pc_interfaces/srv/detail/return_student_age__functions.h
-- Up-to-date: /home/nuc-lassie/practical_course/group_ws/src/install/pc_interfaces/include/pc_interfaces/pc_interfaces/srv/return_student_age.h
-- Up-to-date: /home/nuc-lassie/practical_course/group_ws/src/install/pc_interfaces/include/pc_interfaces/pc_interfaces/msg
-- Up-to-date: /home/nuc-lassie/practical_course/group_ws/src/install/pc_interfaces/include/pc_interfaces/pc_interfaces/msg/detail
-- Up-to-date: /home/nuc-lassie/practical_course/group_ws/src/install/pc_interfaces/include/pc_interfaces/pc_interfaces/msg/detail/student__functions.c
-- Up-to-date: /home/nuc-lassie/practical_course/group_ws/src/install/pc_interfaces/include/pc_interfaces/pc_interfaces/msg/detail/student__functions.h
-- Up-to-date: /home/nuc-lassie/practical_course/group_ws/src/install/pc_interfaces/include/pc_interfaces/pc_interfaces/msg/detail/student__struct.h
-- Up-to-date: /home/nuc-lassie/practical_course/group_ws/src/install/pc_interfaces/include/pc_interfaces/pc_interfaces/msg/detail/student__type_support.h
-- Up-to-date: /home/nuc-lassie/practical_course/group_ws/src/install/pc_interfaces/include/pc_interfaces/pc_interfaces/msg/rosidl_generator_c__visibility_control.h
-- Up-to-date: /home/nuc-lassie/practical_course/group_ws/src/install/pc_interfaces/include/pc_interfaces/pc_interfaces/msg/student.h
-- Up-to-date: /home/nuc-lassie/practical_course/group_ws/src/install/pc_interfaces/share/pc_interfaces/environment/library_path.sh
-- Up-to-date: /home/nuc-lassie/practical_course/group_ws/src/install/pc_interfaces/share/pc_interfaces/environment/library_path.dsv
-- Up-to-date: /home/nuc-lassie/practical_course/group_ws/src/install/pc_interfaces/lib/libpc_interfaces__rosidl_generator_c.so
-- Up-to-date: /home/nuc-lassie/practical_course/group_ws/src/install/pc_interfaces/include/pc_interfaces/pc_interfaces
-- Up-to-date: /home/nuc-lassie/practical_course/group_ws/src/install/pc_interfaces/include/pc_interfaces/pc_interfaces/srv
-- Up-to-date: /home/nuc-lassie/practical_course/group_ws/src/install/pc_interfaces/include/pc_interfaces/pc_interfaces/srv/detail
-- Up-to-date: /home/nuc-lassie/practical_course/group_ws/src/install/pc_interfaces/include/pc_interfaces/pc_interfaces/srv/detail/return_student_age__rosidl_typesupport_fastrtps_c.h
-- Up-to-date: /home/nuc-lassie/practical_course/group_ws/src/install/pc_interfaces/include/pc_interfaces/pc_interfaces/msg
-- Up-to-date: /home/nuc-lassie/practical_course/group_ws/src/install/pc_interfaces/include/pc_interfaces/pc_interfaces/msg/detail
-- Up-to-date: /home/nuc-lassie/practical_course/group_ws/src/install/pc_interfaces/include/pc_interfaces/pc_interfaces/msg/detail/student__rosidl_typesupport_fastrtps_c.h
-- Up-to-date: /home/nuc-lassie/practical_course/group_ws/src/install/pc_interfaces/include/pc_interfaces/pc_interfaces/msg/rosidl_typesupport_fastrtps_c__visibility_control.h
-- Up-to-date: /home/nuc-lassie/practical_course/group_ws/src/install/pc_interfaces/lib/libpc_interfaces__rosidl_typesupport_fastrtps_c.so
-- Up-to-date: /home/nuc-lassie/practical_course/group_ws/src/install/pc_interfaces/include/pc_interfaces/pc_interfaces
-- Up-to-date: /home/nuc-lassie/practical_course/group_ws/src/install/pc_interfaces/include/pc_interfaces/pc_interfaces/srv
-- Up-to-date: /home/nuc-lassie/practical_course/group_ws/src/install/pc_interfaces/include/pc_interfaces/pc_interfaces/srv/detail
-- Up-to-date: /home/nuc-lassie/practical_course/group_ws/src/install/pc_interfaces/include/pc_interfaces/pc_interfaces/srv/detail/return_student_age__rosidl_typesupport_introspection_c.h
-- Up-to-date: /home/nuc-lassie/practical_course/group_ws/src/install/pc_interfaces/include/pc_interfaces/pc_interfaces/srv/detail/return_student_age__type_support.c
-- Up-to-date: /home/nuc-lassie/practical_course/group_ws/src/install/pc_interfaces/include/pc_interfaces/pc_interfaces/msg
-- Up-to-date: /home/nuc-lassie/practical_course/group_ws/src/install/pc_interfaces/include/pc_interfaces/pc_interfaces/msg/detail
-- Up-to-date: /home/nuc-lassie/practical_course/group_ws/src/install/pc_interfaces/include/pc_interfaces/pc_interfaces/msg/detail/student__type_support.c
-- Up-to-date: /home/nuc-lassie/practical_course/group_ws/src/install/pc_interfaces/include/pc_interfaces/pc_interfaces/msg/detail/student__rosidl_typesupport_introspection_c.h
-- Up-to-date: /home/nuc-lassie/practical_course/group_ws/src/install/pc_interfaces/include/pc_interfaces/pc_interfaces/msg/rosidl_typesupport_introspection_c__visibility_control.h
-- Up-to-date: /home/nuc-lassie/practical_course/group_ws/src/install/pc_interfaces/lib/libpc_interfaces__rosidl_typesupport_introspection_c.so
-- Up-to-date: /home/nuc-lassie/practical_course/group_ws/src/install/pc_interfaces/lib/libpc_interfaces__rosidl_typesupport_c.so
-- Up-to-date: /home/nuc-lassie/practical_course/group_ws/src/install/pc_interfaces/include/pc_interfaces/pc_interfaces
-- Up-to-date: /home/nuc-lassie/practical_course/group_ws/src/install/pc_interfaces/include/pc_interfaces/pc_interfaces/srv
-- Up-to-date: /home/nuc-lassie/practical_course/group_ws/src/install/pc_interfaces/include/pc_interfaces/pc_interfaces/srv/detail
-- Up-to-date: /home/nuc-lassie/practical_course/group_ws/src/install/pc_interfaces/include/pc_interfaces/pc_interfaces/srv/detail/return_student_age__builder.hpp
-- Up-to-date: /home/nuc-lassie/practical_course/group_ws/src/install/pc_interfaces/include/pc_interfaces/pc_interfaces/srv/detail/return_student_age__traits.hpp
-- Up-to-date: /home/nuc-lassie/practical_course/group_ws/src/install/pc_interfaces/include/pc_interfaces/pc_interfaces/srv/detail/return_student_age__type_support.hpp
-- Up-to-date: /home/nuc-lassie/practical_course/group_ws/src/install/pc_interfaces/include/pc_interfaces/pc_interfaces/srv/detail/return_student_age__struct.hpp
-- Up-to-date: /home/nuc-lassie/practical_course/group_ws/src/install/pc_interfaces/include/pc_interfaces/pc_interfaces/srv/return_student_age.hpp
-- Up-to-date: /home/nuc-lassie/practical_course/group_ws/src/install/pc_interfaces/include/pc_interfaces/pc_interfaces/msg
-- Up-to-date: /home/nuc-lassie/practical_course/group_ws/src/install/pc_interfaces/include/pc_interfaces/pc_interfaces/msg/detail
-- Up-to-date: /home/nuc-lassie/practical_course/group_ws/src/install/pc_interfaces/include/pc_interfaces/pc_interfaces/msg/detail/student__traits.hpp
-- Up-to-date: /home/nuc-lassie/practical_course/group_ws/src/install/pc_interfaces/include/pc_interfaces/pc_interfaces/msg/detail/student__builder.hpp
-- Up-to-date: /home/nuc-lassie/practical_course/group_ws/src/install/pc_interfaces/include/pc_interfaces/pc_interfaces/msg/detail/student__struct.hpp
-- Up-to-date: /home/nuc-lassie/practical_course/group_ws/src/install/pc_interfaces/include/pc_interfaces/pc_interfaces/msg/detail/student__type_support.hpp
-- Up-to-date: /home/nuc-lassie/practical_course/group_ws/src/install/pc_interfaces/include/pc_interfaces/pc_interfaces/msg/student.hpp
-- Up-to-date: /home/nuc-lassie/practical_course/group_ws/src/install/pc_interfaces/include/pc_interfaces/pc_interfaces/msg/rosidl_generator_cpp__visibility_control.hpp
-- Up-to-date: /home/nuc-lassie/practical_course/group_ws/src/install/pc_interfaces/include/pc_interfaces/pc_interfaces
-- Up-to-date: /home/nuc-lassie/practical_course/group_ws/src/install/pc_interfaces/include/pc_interfaces/pc_interfaces/srv
-- Up-to-date: /home/nuc-lassie/practical_course/group_ws/src/install/pc_interfaces/include/pc_interfaces/pc_interfaces/srv/detail
-- Up-to-date: /home/nuc-lassie/practical_course/group_ws/src/install/pc_interfaces/include/pc_interfaces/pc_interfaces/srv/detail/dds_fastrtps
-- Up-to-date: /home/nuc-lassie/practical_course/group_ws/src/install/pc_interfaces/include/pc_interfaces/pc_interfaces/srv/detail/return_student_age__rosidl_typesupport_fastrtps_cpp.hpp
-- Up-to-date: /home/nuc-lassie/practical_course/group_ws/src/install/pc_interfaces/include/pc_interfaces/pc_interfaces/msg
-- Up-to-date: /home/nuc-lassie/practical_course/group_ws/src/install/pc_interfaces/include/pc_interfaces/pc_interfaces/msg/detail
-- Up-to-date: /home/nuc-lassie/practical_course/group_ws/src/install/pc_interfaces/include/pc_interfaces/pc_interfaces/msg/detail/student__rosidl_typesupport_fastrtps_cpp.hpp
-- Up-to-date: /home/nuc-lassie/practical_course/group_ws/src/install/pc_interfaces/include/pc_interfaces/pc_interfaces/msg/detail/dds_fastrtps
-- Up-to-date: /home/nuc-lassie/practical_course/group_ws/src/install/pc_interfaces/include/pc_interfaces/pc_interfaces/msg/rosidl_typesupport_fastrtps_cpp__visibility_control.h
-- Up-to-date: /home/nuc-lassie/practical_course/group_ws/src/install/pc_interfaces/lib/libpc_interfaces__rosidl_typesupport_fastrtps_cpp.so
-- Up-to-date: /home/nuc-lassie/practical_course/group_ws/src/install/pc_interfaces/include/pc_interfaces/pc_interfaces
-- Up-to-date: /home/nuc-lassie/practical_course/group_ws/src/install/pc_interfaces/include/pc_interfaces/pc_interfaces/srv
-- Up-to-date: /home/nuc-lassie/practical_course/group_ws/src/install/pc_interfaces/include/pc_interfaces/pc_interfaces/srv/detail
-- Up-to-date: /home/nuc-lassie/practical_course/group_ws/src/install/pc_interfaces/include/pc_interfaces/pc_interfaces/srv/detail/return_student_age__rosidl_typesupport_introspection_cpp.hpp
-- Up-to-date: /home/nuc-lassie/practical_course/group_ws/src/install/pc_interfaces/include/pc_interfaces/pc_interfaces/srv/detail/return_student_age__type_support.cpp
-- Up-to-date: /home/nuc-lassie/practical_course/group_ws/src/install/pc_interfaces/include/pc_interfaces/pc_interfaces/msg
-- Up-to-date: /home/nuc-lassie/practical_course/group_ws/src/install/pc_interfaces/include/pc_interfaces/pc_interfaces/msg/detail
-- Up-to-date: /home/nuc-lassie/practical_course/group_ws/src/install/pc_interfaces/include/pc_interfaces/pc_interfaces/msg/detail/student__rosidl_typesupport_introspection_cpp.hpp
-- Up-to-date: /home/nuc-lassie/practical_course/group_ws/src/install/pc_interfaces/include/pc_interfaces/pc_interfaces/msg/detail/student__type_support.cpp
-- Up-to-date: /home/nuc-lassie/practical_course/group_ws/src/install/pc_interfaces/lib/libpc_interfaces__rosidl_typesupport_introspection_cpp.so
-- Up-to-date: /home/nuc-lassie/practical_course/group_ws/src/install/pc_interfaces/lib/libpc_interfaces__rosidl_typesupport_cpp.so
-- Up-to-date: /home/nuc-lassie/practical_course/group_ws/src/install/pc_interfaces/share/pc_interfaces/environment/pythonpath.sh
-- Up-to-date: /home/nuc-lassie/practical_course/group_ws/src/install/pc_interfaces/share/pc_interfaces/environment/pythonpath.dsv
-- Up-to-date: /home/nuc-lassie/practical_course/group_ws/src/install/pc_interfaces/local/lib/python3.10/dist-packages/pc_interfaces-0.0.0-py3.10.egg-info
-- Installing: /home/nuc-lassie/practical_course/group_ws/src/install/pc_interfaces/local/lib/python3.10/dist-packages/pc_interfaces-0.0.0-py3.10.egg-info/PKG-INFO
-- Installing: /home/nuc-lassie/practical_course/group_ws/src/install/pc_interfaces/local/lib/python3.10/dist-packages/pc_interfaces-0.0.0-py3.10.egg-info/top_level.txt
-- Installing: /home/nuc-lassie/practical_course/group_ws/src/install/pc_interfaces/local/lib/python3.10/dist-packages/pc_interfaces-0.0.0-py3.10.egg-info/SOURCES.txt
-- Installing: /home/nuc-lassie/practical_course/group_ws/src/install/pc_interfaces/local/lib/python3.10/dist-packages/pc_interfaces-0.0.0-py3.10.egg-info/dependency_links.txt
-- Up-to-date: /home/nuc-lassie/practical_course/group_ws/src/install/pc_interfaces/local/lib/python3.10/dist-packages/pc_interfaces
-- Up-to-date: /home/nuc-lassie/practical_course/group_ws/src/install/pc_interfaces/local/lib/python3.10/dist-packages/pc_interfaces/pc_interfaces_s__rosidl_typesupport_c.cpython-310-x86_64-linux-gnu.so
-- Up-to-date: /home/nuc-lassie/practical_course/group_ws/src/install/pc_interfaces/local/lib/python3.10/dist-packages/pc_interfaces/_pc_interfaces_s.ep.rosidl_typesupport_introspection_c.c
-- Up-to-date: /home/nuc-lassie/practical_course/group_ws/src/install/pc_interfaces/local/lib/python3.10/dist-packages/pc_interfaces/_pc_interfaces_s.ep.rosidl_typesupport_c.c
-- Up-to-date: /home/nuc-lassie/practical_course/group_ws/src/install/pc_interfaces/local/lib/python3.10/dist-packages/pc_interfaces/libpc_interfaces__rosidl_generator_py.so
-- Up-to-date: /home/nuc-lassie/practical_course/group_ws/src/install/pc_interfaces/local/lib/python3.10/dist-packages/pc_interfaces/pc_interfaces_s__rosidl_typesupport_introspection_c.cpython-310-x86_64-linux-gnu.so
-- Up-to-date: /home/nuc-lassie/practical_course/group_ws/src/install/pc_interfaces/local/lib/python3.10/dist-packages/pc_interfaces/__init__.py
-- Up-to-date: /home/nuc-lassie/practical_course/group_ws/src/install/pc_interfaces/local/lib/python3.10/dist-packages/pc_interfaces/srv
-- Up-to-date: /home/nuc-lassie/practical_course/group_ws/src/install/pc_interfaces/local/lib/python3.10/dist-packages/pc_interfaces/srv/_return_student_age_s.c
-- Up-to-date: /home/nuc-lassie/practical_course/group_ws/src/install/pc_interfaces/local/lib/python3.10/dist-packages/pc_interfaces/srv/__init__.py
-- Up-to-date: /home/nuc-lassie/practical_course/group_ws/src/install/pc_interfaces/local/lib/python3.10/dist-packages/pc_interfaces/srv/_return_student_age.py
-- Up-to-date: /home/nuc-lassie/practical_course/group_ws/src/install/pc_interfaces/local/lib/python3.10/dist-packages/pc_interfaces/pc_interfaces_s__rosidl_typesupport_fastrtps_c.cpython-310-x86_64-linux-gnu.so
-- Up-to-date: /home/nuc-lassie/practical_course/group_ws/src/install/pc_interfaces/local/lib/python3.10/dist-packages/pc_interfaces/msg
-- Up-to-date: /home/nuc-lassie/practical_course/group_ws/src/install/pc_interfaces/local/lib/python3.10/dist-packages/pc_interfaces/msg/_student_s.c
-- Up-to-date: /home/nuc-lassie/practical_course/group_ws/src/install/pc_interfaces/local/lib/python3.10/dist-packages/pc_interfaces/msg/__init__.py
-- Up-to-date: /home/nuc-lassie/practical_course/group_ws/src/install/pc_interfaces/local/lib/python3.10/dist-packages/pc_interfaces/msg/_student.py
-- Up-to-date: /home/nuc-lassie/practical_course/group_ws/src/install/pc_interfaces/local/lib/python3.10/dist-packages/pc_interfaces/_pc_interfaces_s.ep.rosidl_typesupport_fastrtps_c.c
Listing '/home/nuc-lassie/practical_course/group_ws/src/install/pc_interfaces/local/lib/python3.10/dist-packages/pc_interfaces'...
Listing '/home/nuc-lassie/practical_course/group_ws/src/install/pc_interfaces/local/lib/python3.10/dist-packages/pc_interfaces/msg'...
Listing '/home/nuc-lassie/practical_course/group_ws/src/install/pc_interfaces/local/lib/python3.10/dist-packages/pc_interfaces/srv'...
-- Up-to-date: /home/nuc-lassie/practical_course/group_ws/src/install/pc_interfaces/local/lib/python3.10/dist-packages/pc_interfaces/pc_interfaces_s__rosidl_typesupport_fastrtps_c.cpython-310-x86_64-linux-gnu.so
-- Up-to-date: /home/nuc-lassie/practical_course/group_ws/src/install/pc_interfaces/local/lib/python3.10/dist-packages/pc_interfaces/pc_interfaces_s__rosidl_typesupport_introspection_c.cpython-310-x86_64-linux-gnu.so
-- Up-to-date: /home/nuc-lassie/practical_course/group_ws/src/install/pc_interfaces/local/lib/python3.10/dist-packages/pc_interfaces/pc_interfaces_s__rosidl_typesupport_c.cpython-310-x86_64-linux-gnu.so
-- Up-to-date: /home/nuc-lassie/practical_course/group_ws/src/install/pc_interfaces/lib/libpc_interfaces__rosidl_generator_py.so
-- Up-to-date: /home/nuc-lassie/practical_course/group_ws/src/install/pc_interfaces/share/pc_interfaces/msg/Student.idl
-- Up-to-date: /home/nuc-lassie/practical_course/group_ws/src/install/pc_interfaces/share/pc_interfaces/srv/ReturnStudentAge.idl
-- Up-to-date: /home/nuc-lassie/practical_course/group_ws/src/install/pc_interfaces/share/pc_interfaces/msg/Student.msg
-- Up-to-date: /home/nuc-lassie/practical_course/group_ws/src/install/pc_interfaces/share/pc_interfaces/srv/ReturnStudentAge.srv
-- Up-to-date: /home/nuc-lassie/practical_course/group_ws/src/install/pc_interfaces/share/pc_interfaces/srv/ReturnStudentAge_Request.msg
-- Up-to-date: /home/nuc-lassie/practical_course/group_ws/src/install/pc_interfaces/share/pc_interfaces/srv/ReturnStudentAge_Response.msg
-- Up-to-date: /home/nuc-lassie/practical_course/group_ws/src/install/pc_interfaces/share/ament_index/resource_index/package_run_dependencies/pc_interfaces
-- Up-to-date: /home/nuc-lassie/practical_course/group_ws/src/install/pc_interfaces/share/ament_index/resource_index/parent_prefix_path/pc_interfaces
-- Up-to-date: /home/nuc-lassie/practical_course/group_ws/src/install/pc_interfaces/share/pc_interfaces/environment/ament_prefix_path.sh
-- Up-to-date: /home/nuc-lassie/practical_course/group_ws/src/install/pc_interfaces/share/pc_interfaces/environment/ament_prefix_path.dsv
-- Up-to-date: /home/nuc-lassie/practical_course/group_ws/src/install/pc_interfaces/share/pc_interfaces/environment/path.sh
-- Up-to-date: /home/nuc-lassie/practical_course/group_ws/src/install/pc_interfaces/share/pc_interfaces/environment/path.dsv
-- Up-to-date: /home/nuc-lassie/practical_course/group_ws/src/install/pc_interfaces/share/pc_interfaces/local_setup.bash
-- Up-to-date: /home/nuc-lassie/practical_course/group_ws/src/install/pc_interfaces/share/pc_interfaces/local_setup.sh
-- Up-to-date: /home/nuc-lassie/practical_course/group_ws/src/install/pc_interfaces/share/pc_interfaces/local_setup.zsh
-- Up-to-date: /home/nuc-lassie/practical_course/group_ws/src/install/pc_interfaces/share/pc_interfaces/local_setup.dsv
-- Installing: /home/nuc-lassie/practical_course/group_ws/src/install/pc_interfaces/share/pc_interfaces/package.dsv
-- Up-to-date: /home/nuc-lassie/practical_course/group_ws/src/install/pc_interfaces/share/ament_index/resource_index/packages/pc_interfaces
-- Up-to-date: /home/nuc-lassie/practical_course/group_ws/src/install/pc_interfaces/share/pc_interfaces/cmake/export_pc_interfaces__rosidl_generator_cExport.cmake
-- Up-to-date: /home/nuc-lassie/practical_course/group_ws/src/install/pc_interfaces/share/pc_interfaces/cmake/export_pc_interfaces__rosidl_generator_cExport-noconfig.cmake
-- Up-to-date: /home/nuc-lassie/practical_course/group_ws/src/install/pc_interfaces/share/pc_interfaces/cmake/export_pc_interfaces__rosidl_typesupport_fastrtps_cExport.cmake
-- Up-to-date: /home/nuc-lassie/practical_course/group_ws/src/install/pc_interfaces/share/pc_interfaces/cmake/export_pc_interfaces__rosidl_typesupport_fastrtps_cExport-noconfig.cmake
-- Up-to-date: /home/nuc-lassie/practical_course/group_ws/src/install/pc_interfaces/share/pc_interfaces/cmake/pc_interfaces__rosidl_typesupport_introspection_cExport.cmake
-- Up-to-date: /home/nuc-lassie/practical_course/group_ws/src/install/pc_interfaces/share/pc_interfaces/cmake/pc_interfaces__rosidl_typesupport_introspection_cExport-noconfig.cmake
-- Up-to-date: /home/nuc-lassie/practical_course/group_ws/src/install/pc_interfaces/share/pc_interfaces/cmake/pc_interfaces__rosidl_typesupport_cExport.cmake
-- Up-to-date: /home/nuc-lassie/practical_course/group_ws/src/install/pc_interfaces/share/pc_interfaces/cmake/pc_interfaces__rosidl_typesupport_cExport-noconfig.cmake
-- Up-to-date: /home/nuc-lassie/practical_course/group_ws/src/install/pc_interfaces/share/pc_interfaces/cmake/export_pc_interfaces__rosidl_generator_cppExport.cmake
-- Up-to-date: /home/nuc-lassie/practical_course/group_ws/src/install/pc_interfaces/share/pc_interfaces/cmake/export_pc_interfaces__rosidl_typesupport_fastrtps_cppExport.cmake
-- Up-to-date: /home/nuc-lassie/practical_course/group_ws/src/install/pc_interfaces/share/pc_interfaces/cmake/export_pc_interfaces__rosidl_typesupport_fastrtps_cppExport-noconfig.cmake
-- Up-to-date: /home/nuc-lassie/practical_course/group_ws/src/install/pc_interfaces/share/pc_interfaces/cmake/pc_interfaces__rosidl_typesupport_introspection_cppExport.cmake
-- Up-to-date: /home/nuc-lassie/practical_course/group_ws/src/install/pc_interfaces/share/pc_interfaces/cmake/pc_interfaces__rosidl_typesupport_introspection_cppExport-noconfig.cmake
-- Up-to-date: /home/nuc-lassie/practical_course/group_ws/src/install/pc_interfaces/share/pc_interfaces/cmake/pc_interfaces__rosidl_typesupport_cppExport.cmake
-- Up-to-date: /home/nuc-lassie/practical_course/group_ws/src/install/pc_interfaces/share/pc_interfaces/cmake/pc_interfaces__rosidl_typesupport_cppExport-noconfig.cmake
-- Up-to-date: /home/nuc-lassie/practical_course/group_ws/src/install/pc_interfaces/share/pc_interfaces/cmake/export_pc_interfaces__rosidl_generator_pyExport.cmake
-- Up-to-date: /home/nuc-lassie/practical_course/group_ws/src/install/pc_interfaces/share/pc_interfaces/cmake/export_pc_interfaces__rosidl_generator_pyExport-noconfig.cmake
-- Up-to-date: /home/nuc-lassie/practical_course/group_ws/src/install/pc_interfaces/share/pc_interfaces/cmake/rosidl_cmake-extras.cmake
-- Up-to-date: /home/nuc-lassie/practical_course/group_ws/src/install/pc_interfaces/share/pc_interfaces/cmake/ament_cmake_export_include_directories-extras.cmake
-- Up-to-date: /home/nuc-lassie/practical_course/group_ws/src/install/pc_interfaces/share/pc_interfaces/cmake/ament_cmake_export_libraries-extras.cmake
-- Up-to-date: /home/nuc-lassie/practical_course/group_ws/src/install/pc_interfaces/share/pc_interfaces/cmake/ament_cmake_export_targets-extras.cmake
-- Up-to-date: /home/nuc-lassie/practical_course/group_ws/src/install/pc_interfaces/share/pc_interfaces/cmake/rosidl_cmake_export_typesupport_targets-extras.cmake
-- Up-to-date: /home/nuc-lassie/practical_course/group_ws/src/install/pc_interfaces/share/pc_interfaces/cmake/ament_cmake_export_dependencies-extras.cmake
-- Up-to-date: /home/nuc-lassie/practical_course/group_ws/src/install/pc_interfaces/share/pc_interfaces/cmake/rosidl_cmake_export_typesupport_libraries-extras.cmake
-- Up-to-date: /home/nuc-lassie/practical_course/group_ws/src/install/pc_interfaces/share/pc_interfaces/cmake/pc_interfacesConfig.cmake
-- Up-to-date: /home/nuc-lassie/practical_course/group_ws/src/install/pc_interfaces/share/pc_interfaces/cmake/pc_interfacesConfig-version.cmake
-- Up-to-date: /home/nuc-lassie/practical_course/group_ws/src/install/pc_interfaces/share/pc_interfaces/package.xml
