running egg_info
writing ../build/custom_services/custom_services.egg-info/PKG-INFO
writing dependency_links to ../build/custom_services/custom_services.egg-info/dependency_links.txt
writing entry points to ../build/custom_services/custom_services.egg-info/entry_points.txt
writing requirements to ../build/custom_services/custom_services.egg-info/requires.txt
writing top-level names to ../build/custom_services/custom_services.egg-info/top_level.txt
reading manifest file '../build/custom_services/custom_services.egg-info/SOURCES.txt'
adding license file 'LICENSE'
writing manifest file '../build/custom_services/custom_services.egg-info/SOURCES.txt'
running build
running build_py
copying custom_services/calculate_age_service.py -> /home/nuc-lassie/practical_course/group_ws/src/build/custom_services/build/lib/custom_services
copying custom_services/__init__.py -> /home/nuc-lassie/practical_course/group_ws/src/build/custom_services/build/lib/custom_services
running install
running install_lib
copying /home/nuc-lassie/practical_course/group_ws/src/build/custom_services/build/lib/custom_services/calculate_age_service.py -> /home/nuc-lassie/practical_course/group_ws/src/install/custom_services/lib/python3.10/site-packages/custom_services
copying /home/nuc-lassie/practical_course/group_ws/src/build/custom_services/build/lib/custom_services/__init__.py -> /home/nuc-lassie/practical_course/group_ws/src/install/custom_services/lib/python3.10/site-packages/custom_services
byte-compiling /home/nuc-lassie/practical_course/group_ws/src/install/custom_services/lib/python3.10/site-packages/custom_services/calculate_age_service.py to calculate_age_service.cpython-310.pyc
byte-compiling /home/nuc-lassie/practical_course/group_ws/src/install/custom_services/lib/python3.10/site-packages/custom_services/__init__.py to __init__.cpython-310.pyc
running install_data
copying resource/custom_services -> /home/nuc-lassie/practical_course/group_ws/src/install/custom_services/share/ament_index/resource_index/packages
copying package.xml -> /home/nuc-lassie/practical_course/group_ws/src/install/custom_services/share/custom_services
running install_egg_info
removing '/home/nuc-lassie/practical_course/group_ws/src/install/custom_services/lib/python3.10/site-packages/custom_services-0.0.0-py3.10.egg-info' (and everything under it)
Copying ../build/custom_services/custom_services.egg-info to /home/nuc-lassie/practical_course/group_ws/src/install/custom_services/lib/python3.10/site-packages/custom_services-0.0.0-py3.10.egg-info
running install_scripts
Installing calculate_age_service script to /home/nuc-lassie/practical_course/group_ws/src/install/custom_services/lib/custom_services
writing list of installed files to '/home/nuc-lassie/practical_course/group_ws/src/build/custom_services/install.log'
