[0.078s] DEBUG:colcon:Command line arguments: ['/usr/bin/colcon', 'build']
[0.078s] DEBUG:colcon:Parsed command line arguments: Namespace(log_base=None, log_level=None, verb_name='build', build_base='build', install_base='install', merge_install=False, symlink_install=False, test_result_base=None, continue_on_error=False, executor='parallel', parallel_workers=8, event_handlers=None, ignore_user_meta=False, metas=['./colcon.meta'], base_paths=['.'], packages_ignore=None, packages_ignore_regex=None, paths=None, packages_up_to=None, packages_up_to_regex=None, packages_above=None, packages_above_and_dependencies=None, packages_above_depth=None, packages_select_by_dep=None, packages_skip_by_dep=None, packages_skip_up_to=None, packages_select_build_failed=False, packages_skip_build_finished=False, packages_select_test_failures=False, packages_skip_test_passed=False, packages_select=None, packages_skip=None, packages_select_regex=None, packages_skip_regex=None, packages_start=None, packages_end=None, allow_overriding=[], cmake_args=None, cmake_target=None, cmake_target_skip_unavailable=False, cmake_clean_cache=False, cmake_clean_first=False, cmake_force_configure=False, ament_cmake_args=None, catkin_cmake_args=None, catkin_skip_building_tests=False, mixin_files=None, mixin=None, verb_parser=<colcon_mixin.mixin.mixin_argument.MixinArgumentDecorator object at 0x7f33d8f91a80>, verb_extension=<colcon_core.verb.build.BuildVerb object at 0x7f33d8f91480>, main=<bound method BuildVerb.main of <colcon_core.verb.build.BuildVerb object at 0x7f33d8f91480>>, mixin_verb=('build',))
[0.196s] Level 1:colcon.colcon_core.package_discovery:discover_packages(colcon_meta) check parameters
[0.196s] Level 1:colcon.colcon_core.package_discovery:discover_packages(recursive) check parameters
[0.196s] Level 1:colcon.colcon_core.package_discovery:discover_packages(ignore) check parameters
[0.196s] Level 1:colcon.colcon_core.package_discovery:discover_packages(path) check parameters
[0.196s] Level 1:colcon.colcon_core.package_discovery:discover_packages(colcon_meta) discover
[0.196s] Level 1:colcon.colcon_core.package_discovery:discover_packages(recursive) discover
[0.196s] INFO:colcon.colcon_core.package_discovery:Crawling recursively for packages in '/home/nuc-lassie/practical_course/group_ws/src/control/simple_control'
[0.196s] Level 1:colcon.colcon_core.package_identification:_identify(.) by extensions ['ignore', 'ignore_ament_install']
[0.196s] Level 1:colcon.colcon_core.package_identification:_identify(.) by extension 'ignore'
[0.196s] Level 1:colcon.colcon_core.package_identification:_identify(.) by extension 'ignore_ament_install'
[0.196s] Level 1:colcon.colcon_core.package_identification:_identify(.) by extensions ['colcon_pkg']
[0.196s] Level 1:colcon.colcon_core.package_identification:_identify(.) by extension 'colcon_pkg'
[0.196s] Level 1:colcon.colcon_core.package_identification:_identify(.) by extensions ['colcon_meta']
[0.196s] Level 1:colcon.colcon_core.package_identification:_identify(.) by extension 'colcon_meta'
[0.196s] Level 1:colcon.colcon_core.package_identification:_identify(.) by extensions ['ros']
[0.196s] Level 1:colcon.colcon_core.package_identification:_identify(.) by extension 'ros'
[0.211s] DEBUG:colcon.colcon_core.package_identification:Package '.' with type 'ros.ament_python' and name 'simple_control'
[0.212s] Level 1:colcon.colcon_core.package_discovery:discover_packages(recursive) using defaults
[0.212s] Level 1:colcon.colcon_core.package_discovery:discover_packages(ignore) discover
[0.212s] Level 1:colcon.colcon_core.package_discovery:discover_packages(ignore) using defaults
[0.212s] Level 1:colcon.colcon_core.package_discovery:discover_packages(path) discover
[0.212s] Level 1:colcon.colcon_core.package_discovery:discover_packages(path) using defaults
[0.225s] Level 1:colcon.colcon_core.package_discovery:discover_packages(prefix_path) check parameters
[0.225s] Level 1:colcon.colcon_core.package_discovery:discover_packages(prefix_path) discover
[0.226s] DEBUG:colcon.colcon_installed_package_information.package_discovery:Found 17 installed packages in /home/nuc-lassie/practical_course/robot_ws/install
[0.227s] DEBUG:colcon.colcon_installed_package_information.package_discovery:Found 315 installed packages in /opt/ros/humble
[0.229s] Level 1:colcon.colcon_core.package_discovery:discover_packages(prefix_path) using defaults
[0.252s] Level 5:colcon.colcon_core.verb:set package 'simple_control' build argument 'cmake_args' from command line to 'None'
[0.252s] Level 5:colcon.colcon_core.verb:set package 'simple_control' build argument 'cmake_target' from command line to 'None'
[0.252s] Level 5:colcon.colcon_core.verb:set package 'simple_control' build argument 'cmake_target_skip_unavailable' from command line to 'False'
[0.252s] Level 5:colcon.colcon_core.verb:set package 'simple_control' build argument 'cmake_clean_cache' from command line to 'False'
[0.252s] Level 5:colcon.colcon_core.verb:set package 'simple_control' build argument 'cmake_clean_first' from command line to 'False'
[0.252s] Level 5:colcon.colcon_core.verb:set package 'simple_control' build argument 'cmake_force_configure' from command line to 'False'
[0.252s] Level 5:colcon.colcon_core.verb:set package 'simple_control' build argument 'ament_cmake_args' from command line to 'None'
[0.252s] Level 5:colcon.colcon_core.verb:set package 'simple_control' build argument 'catkin_cmake_args' from command line to 'None'
[0.252s] Level 5:colcon.colcon_core.verb:set package 'simple_control' build argument 'catkin_skip_building_tests' from command line to 'False'
[0.252s] DEBUG:colcon.colcon_core.verb:Building package 'simple_control' with the following arguments: {'ament_cmake_args': None, 'build_base': '/home/nuc-lassie/practical_course/group_ws/src/control/simple_control/build/simple_control', 'catkin_cmake_args': None, 'catkin_skip_building_tests': False, 'cmake_args': None, 'cmake_clean_cache': False, 'cmake_clean_first': False, 'cmake_force_configure': False, 'cmake_target': None, 'cmake_target_skip_unavailable': False, 'install_base': '/home/nuc-lassie/practical_course/group_ws/src/control/simple_control/install/simple_control', 'merge_install': False, 'path': '/home/nuc-lassie/practical_course/group_ws/src/control/simple_control', 'symlink_install': False, 'test_result_base': None}
[0.252s] INFO:colcon.colcon_core.executor:Executing jobs using 'parallel' executor
[0.253s] DEBUG:colcon.colcon_parallel_executor.executor.parallel:run_until_complete
[0.253s] INFO:colcon.colcon_ros.task.ament_python.build:Building ROS package in '/home/nuc-lassie/practical_course/group_ws/src/control/simple_control' with build type 'ament_python'
[0.253s] Level 1:colcon.colcon_core.shell:create_environment_hook('simple_control', 'ament_prefix_path')
[0.255s] INFO:colcon.colcon_core.plugin_system:Skipping extension 'colcon_core.shell.bat': Not used on non-Windows systems
[0.255s] INFO:colcon.colcon_core.shell:Creating environment hook '/home/nuc-lassie/practical_course/group_ws/src/control/simple_control/install/simple_control/share/simple_control/hook/ament_prefix_path.ps1'
[0.255s] INFO:colcon.colcon_core.shell:Creating environment descriptor '/home/nuc-lassie/practical_course/group_ws/src/control/simple_control/install/simple_control/share/simple_control/hook/ament_prefix_path.dsv'
[0.255s] INFO:colcon.colcon_core.shell:Creating environment hook '/home/nuc-lassie/practical_course/group_ws/src/control/simple_control/install/simple_control/share/simple_control/hook/ament_prefix_path.sh'
[0.256s] INFO:colcon.colcon_core.shell:Skip shell extension 'powershell' for command environment: Not usable outside of PowerShell
[0.256s] DEBUG:colcon.colcon_core.shell:Skip shell extension 'dsv' for command environment
[0.442s] INFO:colcon.colcon_core.task.python.build:Building Python package in '/home/nuc-lassie/practical_course/group_ws/src/control/simple_control'
[0.443s] INFO:colcon.colcon_core.shell:Skip shell extension 'powershell' for command environment: Not usable outside of PowerShell
[0.443s] DEBUG:colcon.colcon_core.shell:Skip shell extension 'dsv' for command environment
[0.765s] DEBUG:colcon.colcon_core.event_handler.log_command:Invoking command in '/home/nuc-lassie/practical_course/group_ws/src/control/simple_control/build/simple_control': PYTHONPATH=/home/nuc-lassie/practical_course/group_ws/src/control/simple_control/build/simple_control/prefix_override:/usr/lib/python3/dist-packages/colcon_core/task/python/colcon_distutils_commands:/home/nuc-lassie/practical_course/group_ws/src/control/simple_control/install/simple_control/lib/python3.10/site-packages:${PYTHONPATH} /usr/bin/python3 -W ignore:setup.py install is deprecated -W ignore:easy_install command is deprecated setup.py develop --uninstall --editable --build-directory /home/nuc-lassie/practical_course/group_ws/src/control/simple_control/build/simple_control/build
[1.094s] DEBUG:colcon.colcon_core.event_handler.log_command:Invoked command in '/home/nuc-lassie/practical_course/group_ws/src/control/simple_control/build/simple_control' returned '0': PYTHONPATH=/home/nuc-lassie/practical_course/group_ws/src/control/simple_control/build/simple_control/prefix_override:/usr/lib/python3/dist-packages/colcon_core/task/python/colcon_distutils_commands:/home/nuc-lassie/practical_course/group_ws/src/control/simple_control/install/simple_control/lib/python3.10/site-packages:${PYTHONPATH} /usr/bin/python3 -W ignore:setup.py install is deprecated -W ignore:easy_install command is deprecated setup.py develop --uninstall --editable --build-directory /home/nuc-lassie/practical_course/group_ws/src/control/simple_control/build/simple_control/build
[1.096s] DEBUG:colcon.colcon_core.event_handler.log_command:Invoking command in '/home/nuc-lassie/practical_course/group_ws/src/control/simple_control': PYTHONPATH=/home/nuc-lassie/practical_course/group_ws/src/control/simple_control/build/simple_control/prefix_override:/usr/lib/python3/dist-packages/colcon_core/task/python/colcon_distutils_commands:/home/nuc-lassie/practical_course/group_ws/src/control/simple_control/install/simple_control/lib/python3.10/site-packages:${PYTHONPATH} /usr/bin/python3 -W ignore:setup.py install is deprecated -W ignore:easy_install command is deprecated setup.py egg_info --egg-base build/simple_control build --build-base /home/nuc-lassie/practical_course/group_ws/src/control/simple_control/build/simple_control/build install --record /home/nuc-lassie/practical_course/group_ws/src/control/simple_control/build/simple_control/install.log --single-version-externally-managed install_data --force
[1.303s] DEBUG:colcon.colcon_core.event_handler.log_command:Invoked command in '/home/nuc-lassie/practical_course/group_ws/src/control/simple_control' returned '0': PYTHONPATH=/home/nuc-lassie/practical_course/group_ws/src/control/simple_control/build/simple_control/prefix_override:/usr/lib/python3/dist-packages/colcon_core/task/python/colcon_distutils_commands:/home/nuc-lassie/practical_course/group_ws/src/control/simple_control/install/simple_control/lib/python3.10/site-packages:${PYTHONPATH} /usr/bin/python3 -W ignore:setup.py install is deprecated -W ignore:easy_install command is deprecated setup.py egg_info --egg-base build/simple_control build --build-base /home/nuc-lassie/practical_course/group_ws/src/control/simple_control/build/simple_control/build install --record /home/nuc-lassie/practical_course/group_ws/src/control/simple_control/build/simple_control/install.log --single-version-externally-managed install_data --force
[1.305s] Level 1:colcon.colcon_core.environment:checking '/home/nuc-lassie/practical_course/group_ws/src/control/simple_control/install/simple_control' for CMake module files
[1.305s] Level 1:colcon.colcon_core.environment:checking '/home/nuc-lassie/practical_course/group_ws/src/control/simple_control/install/simple_control' for CMake config files
[1.305s] Level 1:colcon.colcon_core.environment:checking '/home/nuc-lassie/practical_course/group_ws/src/control/simple_control/install/simple_control/lib'
[1.306s] Level 1:colcon.colcon_core.environment:checking '/home/nuc-lassie/practical_course/group_ws/src/control/simple_control/install/simple_control/bin'
[1.306s] Level 1:colcon.colcon_core.environment:checking '/home/nuc-lassie/practical_course/group_ws/src/control/simple_control/install/simple_control/lib/pkgconfig/simple_control.pc'
[1.306s] Level 1:colcon.colcon_core.environment:checking '/home/nuc-lassie/practical_course/group_ws/src/control/simple_control/install/simple_control/lib/python3.10/site-packages'
[1.306s] Level 1:colcon.colcon_core.shell:create_environment_hook('simple_control', 'pythonpath')
[1.306s] INFO:colcon.colcon_core.shell:Creating environment hook '/home/nuc-lassie/practical_course/group_ws/src/control/simple_control/install/simple_control/share/simple_control/hook/pythonpath.ps1'
[1.306s] INFO:colcon.colcon_core.shell:Creating environment descriptor '/home/nuc-lassie/practical_course/group_ws/src/control/simple_control/install/simple_control/share/simple_control/hook/pythonpath.dsv'
[1.307s] INFO:colcon.colcon_core.shell:Creating environment hook '/home/nuc-lassie/practical_course/group_ws/src/control/simple_control/install/simple_control/share/simple_control/hook/pythonpath.sh'
[1.307s] Level 1:colcon.colcon_core.environment:checking '/home/nuc-lassie/practical_course/group_ws/src/control/simple_control/install/simple_control/bin'
[1.307s] Level 1:colcon.colcon_core.environment:create_environment_scripts_only(simple_control)
[1.307s] INFO:colcon.colcon_core.shell:Creating package script '/home/nuc-lassie/practical_course/group_ws/src/control/simple_control/install/simple_control/share/simple_control/package.ps1'
[1.308s] INFO:colcon.colcon_core.shell:Creating package descriptor '/home/nuc-lassie/practical_course/group_ws/src/control/simple_control/install/simple_control/share/simple_control/package.dsv'
[1.308s] INFO:colcon.colcon_core.shell:Creating package script '/home/nuc-lassie/practical_course/group_ws/src/control/simple_control/install/simple_control/share/simple_control/package.sh'
[1.309s] INFO:colcon.colcon_core.shell:Creating package script '/home/nuc-lassie/practical_course/group_ws/src/control/simple_control/install/simple_control/share/simple_control/package.bash'
[1.309s] INFO:colcon.colcon_core.shell:Creating package script '/home/nuc-lassie/practical_course/group_ws/src/control/simple_control/install/simple_control/share/simple_control/package.zsh'
[1.310s] Level 1:colcon.colcon_core.environment:create_file_with_runtime_dependencies(/home/nuc-lassie/practical_course/group_ws/src/control/simple_control/install/simple_control/share/colcon-core/packages/simple_control)
[1.310s] DEBUG:colcon.colcon_parallel_executor.executor.parallel:closing loop
[1.310s] DEBUG:colcon.colcon_parallel_executor.executor.parallel:loop closed
[1.310s] DEBUG:colcon.colcon_parallel_executor.executor.parallel:run_until_complete finished with '0'
[1.310s] DEBUG:colcon.colcon_core.event_reactor:joining thread
[1.313s] INFO:colcon.colcon_core.plugin_system:Skipping extension 'colcon_notification.desktop_notification.terminal_notifier': Not used on non-Darwin systems
[1.313s] INFO:colcon.colcon_core.plugin_system:Skipping extension 'colcon_notification.desktop_notification.win32': Not used on non-Windows systems
[1.313s] INFO:colcon.colcon_notification.desktop_notification:Sending desktop notification using 'notify2'
[1.315s] DEBUG:colcon.colcon_notification.desktop_notification.notify2:Failed to initialize notify2: org.freedesktop.DBus.Error.ServiceUnknown: The name org.freedesktop.Notifications was not provided by any .service files
[1.315s] DEBUG:colcon.colcon_core.event_reactor:joined thread
[1.315s] INFO:colcon.colcon_core.shell:Creating prefix script '/home/nuc-lassie/practical_course/group_ws/src/control/simple_control/install/local_setup.ps1'
[1.315s] INFO:colcon.colcon_core.shell:Creating prefix util module '/home/nuc-lassie/practical_course/group_ws/src/control/simple_control/install/_local_setup_util_ps1.py'
[1.316s] INFO:colcon.colcon_core.shell:Creating prefix chain script '/home/nuc-lassie/practical_course/group_ws/src/control/simple_control/install/setup.ps1'
[1.317s] INFO:colcon.colcon_core.shell:Creating prefix script '/home/nuc-lassie/practical_course/group_ws/src/control/simple_control/install/local_setup.sh'
[1.318s] INFO:colcon.colcon_core.shell:Creating prefix util module '/home/nuc-lassie/practical_course/group_ws/src/control/simple_control/install/_local_setup_util_sh.py'
[1.318s] INFO:colcon.colcon_core.shell:Creating prefix chain script '/home/nuc-lassie/practical_course/group_ws/src/control/simple_control/install/setup.sh'
[1.319s] INFO:colcon.colcon_core.shell:Creating prefix script '/home/nuc-lassie/practical_course/group_ws/src/control/simple_control/install/local_setup.bash'
[1.319s] INFO:colcon.colcon_core.shell:Creating prefix chain script '/home/nuc-lassie/practical_course/group_ws/src/control/simple_control/install/setup.bash'
[1.320s] INFO:colcon.colcon_core.shell:Creating prefix script '/home/nuc-lassie/practical_course/group_ws/src/control/simple_control/install/local_setup.zsh'
[1.320s] INFO:colcon.colcon_core.shell:Creating prefix chain script '/home/nuc-lassie/practical_course/group_ws/src/control/simple_control/install/setup.zsh'
