[0.740s] Invoking command in '/home/nuc-lassie/practical_course/group_ws/src/control/build/simple_control': PYTHONPATH=/home/nuc-lassie/practical_course/group_ws/src/control/build/simple_control/prefix_override:/usr/lib/python3/dist-packages/colcon_core/task/python/colcon_distutils_commands:/home/nuc-lassie/practical_course/group_ws/src/control/install/simple_control/lib/python3.10/site-packages:${PYTHONPATH} /usr/bin/python3 -W ignore:setup.py install is deprecated -W ignore:easy_install command is deprecated setup.py develop --editable --build-directory /home/nuc-lassie/practical_course/group_ws/src/control/build/simple_control/build --no-deps symlink_data
[0.925s] running develop
[1.058s] running egg_info
[1.058s] creating simple_control.egg-info
[1.058s] writing simple_control.egg-info/PKG-INFO
[1.058s] writing dependency_links to simple_control.egg-info/dependency_links.txt
[1.058s] writing entry points to simple_control.egg-info/entry_points.txt
[1.058s] writing requirements to simple_control.egg-info/requires.txt
[1.059s] writing top-level names to simple_control.egg-info/top_level.txt
[1.059s] writing manifest file 'simple_control.egg-info/SOURCES.txt'
[1.059s] reading manifest file 'simple_control.egg-info/SOURCES.txt'
[1.060s] writing manifest file 'simple_control.egg-info/SOURCES.txt'
[1.061s] running build_ext
[1.061s] Creating /home/nuc-lassie/practical_course/group_ws/src/control/install/simple_control/lib/python3.10/site-packages/simple-control.egg-link (link to .)
[1.061s] Installing go_forward script to /home/nuc-lassie/practical_course/group_ws/src/control/install/simple_control/lib/simple_control
[1.061s] Installing rotate_left_90 script to /home/nuc-lassie/practical_course/group_ws/src/control/install/simple_control/lib/simple_control
[1.062s] Installing rotate_left_90_odom script to /home/nuc-lassie/practical_course/group_ws/src/control/install/simple_control/lib/simple_control
[1.062s] 
[1.062s] Installed /home/nuc-lassie/practical_course/group_ws/src/control/build/simple_control
[1.062s] running symlink_data
[1.062s] creating /home/nuc-lassie/practical_course/group_ws/src/control/install/simple_control/share/ament_index
[1.062s] creating /home/nuc-lassie/practical_course/group_ws/src/control/install/simple_control/share/ament_index/resource_index
[1.062s] creating /home/nuc-lassie/practical_course/group_ws/src/control/install/simple_control/share/ament_index/resource_index/packages
[1.062s] symbolically linking /home/nuc-lassie/practical_course/group_ws/src/control/build/simple_control/resource/simple_control -> /home/nuc-lassie/practical_course/group_ws/src/control/install/simple_control/share/ament_index/resource_index/packages
[1.062s] symbolically linking /home/nuc-lassie/practical_course/group_ws/src/control/build/simple_control/package.xml -> /home/nuc-lassie/practical_course/group_ws/src/control/install/simple_control/share/simple_control
[1.122s] Invoked command in '/home/nuc-lassie/practical_course/group_ws/src/control/build/simple_control' returned '0': PYTHONPATH=/home/nuc-lassie/practical_course/group_ws/src/control/build/simple_control/prefix_override:/usr/lib/python3/dist-packages/colcon_core/task/python/colcon_distutils_commands:/home/nuc-lassie/practical_course/group_ws/src/control/install/simple_control/lib/python3.10/site-packages:${PYTHONPATH} /usr/bin/python3 -W ignore:setup.py install is deprecated -W ignore:easy_install command is deprecated setup.py develop --editable --build-directory /home/nuc-lassie/practical_course/group_ws/src/control/build/simple_control/build --no-deps symlink_data
