running develop
running egg_info
creating simple_control.egg-info
writing simple_control.egg-info/PKG-INFO
writing dependency_links to simple_control.egg-info/dependency_links.txt
writing entry points to simple_control.egg-info/entry_points.txt
writing requirements to simple_control.egg-info/requires.txt
writing top-level names to simple_control.egg-info/top_level.txt
writing manifest file 'simple_control.egg-info/SOURCES.txt'
reading manifest file 'simple_control.egg-info/SOURCES.txt'
writing manifest file 'simple_control.egg-info/SOURCES.txt'
running build_ext
Creating /home/nuc-lassie/practical_course/group_ws/src/control/simple_control/install/simple_control/lib/python3.10/site-packages/simple-control.egg-link (link to .)
Installing go_forward script to /home/nuc-lassie/practical_course/group_ws/src/control/simple_control/install/simple_control/lib/simple_control
Installing rotate_left_90 script to /home/nuc-lassie/practical_course/group_ws/src/control/simple_control/install/simple_control/lib/simple_control
Installing rotate_left_90_odom script to /home/nuc-lassie/practical_course/group_ws/src/control/simple_control/install/simple_control/lib/simple_control

Installed /home/nuc-lassie/practical_course/group_ws/src/control/simple_control/build/simple_control
running symlink_data
creating /home/nuc-lassie/practical_course/group_ws/src/control/simple_control/install/simple_control/share/ament_index
creating /home/nuc-lassie/practical_course/group_ws/src/control/simple_control/install/simple_control/share/ament_index/resource_index
creating /home/nuc-lassie/practical_course/group_ws/src/control/simple_control/install/simple_control/share/ament_index/resource_index/packages
symbolically linking /home/nuc-lassie/practical_course/group_ws/src/control/simple_control/build/simple_control/resource/simple_control -> /home/nuc-lassie/practical_course/group_ws/src/control/simple_control/install/simple_control/share/ament_index/resource_index/packages
symbolically linking /home/nuc-lassie/practical_course/group_ws/src/control/simple_control/build/simple_control/package.xml -> /home/nuc-lassie/practical_course/group_ws/src/control/simple_control/install/simple_control/share/simple_control
