[0.636s] Invoking command in '/home/nuc-lassie/practical_course/group_ws/src/custom_services': AMENT_PREFIX_PATH=/home/nuc-lassie/practical_course/group_ws/src/install/pc_interfaces:${AMENT_PREFIX_PATH} CMAKE_PREFIX_PATH=/home/nuc-lassie/practical_course/group_ws/src/install/pc_interfaces:${CMAKE_PREFIX_PATH} LD_LIBRARY_PATH=/home/nuc-lassie/practical_course/group_ws/src/install/pc_interfaces/lib:${LD_LIBRARY_PATH} PYTHONPATH=/home/nuc-lassie/practical_course/group_ws/src/build/custom_services/prefix_override:/usr/lib/python3/dist-packages/colcon_core/task/python/colcon_distutils_commands:/home/nuc-lassie/practical_course/group_ws/src/install/custom_services/lib/python3.10/site-packages:/home/nuc-lassie/practical_course/group_ws/src/install/pc_interfaces/local/lib/python3.10/dist-packages:${PYTHONPATH} /usr/bin/python3 -W ignore:setup.py install is deprecated -W ignore:easy_install command is deprecated setup.py egg_info --egg-base ../build/custom_services build --build-base /home/nuc-lassie/practical_course/group_ws/src/build/custom_services/build install --record /home/nuc-lassie/practical_course/group_ws/src/build/custom_services/install.log --single-version-externally-managed install_data
[0.916s] running egg_info
[0.917s] writing ../build/custom_services/custom_services.egg-info/PKG-INFO
[0.917s] writing dependency_links to ../build/custom_services/custom_services.egg-info/dependency_links.txt
[0.917s] writing entry points to ../build/custom_services/custom_services.egg-info/entry_points.txt
[0.917s] writing requirements to ../build/custom_services/custom_services.egg-info/requires.txt
[0.917s] writing top-level names to ../build/custom_services/custom_services.egg-info/top_level.txt
[0.919s] reading manifest file '../build/custom_services/custom_services.egg-info/SOURCES.txt'
[0.919s] adding license file 'LICENSE'
[0.920s] writing manifest file '../build/custom_services/custom_services.egg-info/SOURCES.txt'
[0.920s] running build
[0.920s] running build_py
[0.920s] running install
[0.921s] running install_lib
[0.922s] running install_data
[0.922s] running install_egg_info
[0.923s] removing '/home/nuc-lassie/practical_course/group_ws/src/install/custom_services/lib/python3.10/site-packages/custom_services-0.0.0-py3.10.egg-info' (and everything under it)
[0.923s] Copying ../build/custom_services/custom_services.egg-info to /home/nuc-lassie/practical_course/group_ws/src/install/custom_services/lib/python3.10/site-packages/custom_services-0.0.0-py3.10.egg-info
[0.924s] running install_scripts
[0.942s] Installing calculate_age_service script to /home/nuc-lassie/practical_course/group_ws/src/install/custom_services/lib/custom_services
[0.942s] writing list of installed files to '/home/nuc-lassie/practical_course/group_ws/src/build/custom_services/install.log'
[0.970s] Invoked command in '/home/nuc-lassie/practical_course/group_ws/src/custom_services' returned '0': AMENT_PREFIX_PATH=/home/nuc-lassie/practical_course/group_ws/src/install/pc_interfaces:${AMENT_PREFIX_PATH} CMAKE_PREFIX_PATH=/home/nuc-lassie/practical_course/group_ws/src/install/pc_interfaces:${CMAKE_PREFIX_PATH} LD_LIBRARY_PATH=/home/nuc-lassie/practical_course/group_ws/src/install/pc_interfaces/lib:${LD_LIBRARY_PATH} PYTHONPATH=/home/nuc-lassie/practical_course/group_ws/src/build/custom_services/prefix_override:/usr/lib/python3/dist-packages/colcon_core/task/python/colcon_distutils_commands:/home/nuc-lassie/practical_course/group_ws/src/install/custom_services/lib/python3.10/site-packages:/home/nuc-lassie/practical_course/group_ws/src/install/pc_interfaces/local/lib/python3.10/dist-packages:${PYTHONPATH} /usr/bin/python3 -W ignore:setup.py install is deprecated -W ignore:easy_install command is deprecated setup.py egg_info --egg-base ../build/custom_services build --build-base /home/nuc-lassie/practical_course/group_ws/src/build/custom_services/build install --record /home/nuc-lassie/practical_course/group_ws/src/build/custom_services/install.log --single-version-externally-managed install_data
