[1.130s] Invoking command in '/home/nuc-lassie/practical_course/group_ws/src/perception': PYTHONPATH=/home/nuc-lassie/practical_course/group_ws/src/build/perception/prefix_override:/usr/lib/python3/dist-packages/colcon_core/task/python/colcon_distutils_commands:/home/nuc-lassie/practical_course/group_ws/src/install/perception/lib/python3.10/site-packages:${PYTHONPATH} /usr/bin/python3 -W ignore:setup.py install is deprecated -W ignore:easy_install command is deprecated setup.py egg_info --egg-base ../build/perception build --build-base /home/nuc-lassie/practical_course/group_ws/src/build/perception/build install --record /home/nuc-lassie/practical_course/group_ws/src/build/perception/install.log --single-version-externally-managed install_data
[1.305s] running egg_info
[1.306s] writing ../build/perception/perception.egg-info/PKG-INFO
[1.306s] writing dependency_links to ../build/perception/perception.egg-info/dependency_links.txt
[1.306s] writing entry points to ../build/perception/perception.egg-info/entry_points.txt
[1.306s] writing requirements to ../build/perception/perception.egg-info/requires.txt
[1.306s] writing top-level names to ../build/perception/perception.egg-info/top_level.txt
[1.309s] reading manifest file '../build/perception/perception.egg-info/SOURCES.txt'
[1.310s] adding license file 'LICENSE'
[1.310s] writing manifest file '../build/perception/perception.egg-info/SOURCES.txt'
[1.310s] running build
[1.310s] running build_py
[1.310s] running install
[1.311s] running install_lib
[1.314s] running install_data
[1.314s] running install_egg_info
[1.316s] removing '/home/nuc-lassie/practical_course/group_ws/src/install/perception/lib/python3.10/site-packages/perception-0.0.0-py3.10.egg-info' (and everything under it)
[1.316s] Copying ../build/perception/perception.egg-info to /home/nuc-lassie/practical_course/group_ws/src/install/perception/lib/python3.10/site-packages/perception-0.0.0-py3.10.egg-info
[1.317s] running install_scripts
[1.343s] Installing step_detection_lidar script to /home/nuc-lassie/practical_course/group_ws/src/install/perception/lib/perception
[1.343s] Installing wall_detection script to /home/nuc-lassie/practical_course/group_ws/src/install/perception/lib/perception
[1.343s] writing list of installed files to '/home/nuc-lassie/practical_course/group_ws/src/build/perception/install.log'
[1.372s] Invoked command in '/home/nuc-lassie/practical_course/group_ws/src/perception' returned '0': PYTHONPATH=/home/nuc-lassie/practical_course/group_ws/src/build/perception/prefix_override:/usr/lib/python3/dist-packages/colcon_core/task/python/colcon_distutils_commands:/home/nuc-lassie/practical_course/group_ws/src/install/perception/lib/python3.10/site-packages:${PYTHONPATH} /usr/bin/python3 -W ignore:setup.py install is deprecated -W ignore:easy_install command is deprecated setup.py egg_info --egg-base ../build/perception build --build-base /home/nuc-lassie/practical_course/group_ws/src/build/perception/build install --record /home/nuc-lassie/practical_course/group_ws/src/build/perception/install.log --single-version-externally-managed install_data
