[0.714s] Invoking command in '/home/nuc-lassie/practical_course/group_ws/src/perception': PYTHONPATH=/home/nuc-lassie/practical_course/group_ws/src/build/perception/prefix_override:/usr/lib/python3/dist-packages/colcon_core/task/python/colcon_distutils_commands:/home/nuc-lassie/practical_course/group_ws/src/install/perception/lib/python3.10/site-packages:${PYTHONPATH} /usr/bin/python3 -W ignore:setup.py install is deprecated -W ignore:easy_install command is deprecated setup.py egg_info --egg-base ../build/perception build --build-base /home/nuc-lassie/practical_course/group_ws/src/build/perception/build install --record /home/nuc-lassie/practical_course/group_ws/src/build/perception/install.log --single-version-externally-managed install_data
[0.881s] running egg_info
[0.881s] writing ../build/perception/perception.egg-info/PKG-INFO
[0.882s] writing dependency_links to ../build/perception/perception.egg-info/dependency_links.txt
[0.882s] writing entry points to ../build/perception/perception.egg-info/entry_points.txt
[0.882s] writing requirements to ../build/perception/perception.egg-info/requires.txt
[0.882s] writing top-level names to ../build/perception/perception.egg-info/top_level.txt
[0.883s] reading manifest file '../build/perception/perception.egg-info/SOURCES.txt'
[0.883s] adding license file 'LICENSE'
[0.883s] writing manifest file '../build/perception/perception.egg-info/SOURCES.txt'
[0.884s] running build
[0.884s] running build_py
[0.884s] running install
[0.884s] running install_lib
[0.885s] running install_data
[0.885s] running install_egg_info
[0.886s] removing '/home/nuc-lassie/practical_course/group_ws/src/install/perception/lib/python3.10/site-packages/perception-0.0.0-py3.10.egg-info' (and everything under it)
[0.886s] Copying ../build/perception/perception.egg-info to /home/nuc-lassie/practical_course/group_ws/src/install/perception/lib/python3.10/site-packages/perception-0.0.0-py3.10.egg-info
[0.887s] running install_scripts
[0.902s] Installing step_detection_lidar script to /home/nuc-lassie/practical_course/group_ws/src/install/perception/lib/perception
[0.902s] Installing wall_detection script to /home/nuc-lassie/practical_course/group_ws/src/install/perception/lib/perception
[0.902s] writing list of installed files to '/home/nuc-lassie/practical_course/group_ws/src/build/perception/install.log'
[0.922s] Invoked command in '/home/nuc-lassie/practical_course/group_ws/src/perception' returned '0': PYTHONPATH=/home/nuc-lassie/practical_course/group_ws/src/build/perception/prefix_override:/usr/lib/python3/dist-packages/colcon_core/task/python/colcon_distutils_commands:/home/nuc-lassie/practical_course/group_ws/src/install/perception/lib/python3.10/site-packages:${PYTHONPATH} /usr/bin/python3 -W ignore:setup.py install is deprecated -W ignore:easy_install command is deprecated setup.py egg_info --egg-base ../build/perception build --build-base /home/nuc-lassie/practical_course/group_ws/src/build/perception/build install --record /home/nuc-lassie/practical_course/group_ws/src/build/perception/install.log --single-version-externally-managed install_data
