[0.878s] Invoking command in '/home/nuc-lassie/practical_course/group_ws/src/perception': PYTHONPATH=/home/nuc-lassie/practical_course/group_ws/src/build/perception/prefix_override:/usr/lib/python3/dist-packages/colcon_core/task/python/colcon_distutils_commands:/home/nuc-lassie/practical_course/group_ws/src/install/perception/lib/python3.10/site-packages:${PYTHONPATH} /usr/bin/python3 -W ignore:setup.py install is deprecated -W ignore:easy_install command is deprecated setup.py egg_info --egg-base ../build/perception build --build-base /home/nuc-lassie/practical_course/group_ws/src/build/perception/build install --record /home/nuc-lassie/practical_course/group_ws/src/build/perception/install.log --single-version-externally-managed install_data
[1.143s] running egg_info
[1.144s] creating ../build/perception/perception.egg-info
[1.144s] writing ../build/perception/perception.egg-info/PKG-INFO
[1.144s] writing dependency_links to ../build/perception/perception.egg-info/dependency_links.txt
[1.144s] writing entry points to ../build/perception/perception.egg-info/entry_points.txt
[1.144s] writing requirements to ../build/perception/perception.egg-info/requires.txt
[1.144s] writing top-level names to ../build/perception/perception.egg-info/top_level.txt
[1.144s] writing manifest file '../build/perception/perception.egg-info/SOURCES.txt'
[1.145s] reading manifest file '../build/perception/perception.egg-info/SOURCES.txt'
[1.145s] adding license file 'LICENSE'
[1.146s] writing manifest file '../build/perception/perception.egg-info/SOURCES.txt'
[1.146s] running build
[1.146s] running build_py
[1.146s] creating /home/nuc-lassie/practical_course/group_ws/src/build/perception/build
[1.146s] creating /home/nuc-lassie/practical_course/group_ws/src/build/perception/build/lib
[1.146s] creating /home/nuc-lassie/practical_course/group_ws/src/build/perception/build/lib/perception
[1.146s] copying perception/step_detection_lidar.py -> /home/nuc-lassie/practical_course/group_ws/src/build/perception/build/lib/perception
[1.147s] copying perception/__init__.py -> /home/nuc-lassie/practical_course/group_ws/src/build/perception/build/lib/perception
[1.147s] copying perception/wall_detection.py -> /home/nuc-lassie/practical_course/group_ws/src/build/perception/build/lib/perception
[1.148s] running install
[1.148s] running install_lib
[1.148s] creating /home/nuc-lassie/practical_course/group_ws/src/install/perception/lib/python3.10/site-packages/perception
[1.148s] copying /home/nuc-lassie/practical_course/group_ws/src/build/perception/build/lib/perception/step_detection_lidar.py -> /home/nuc-lassie/practical_course/group_ws/src/install/perception/lib/python3.10/site-packages/perception
[1.149s] copying /home/nuc-lassie/practical_course/group_ws/src/build/perception/build/lib/perception/__init__.py -> /home/nuc-lassie/practical_course/group_ws/src/install/perception/lib/python3.10/site-packages/perception
[1.149s] copying /home/nuc-lassie/practical_course/group_ws/src/build/perception/build/lib/perception/wall_detection.py -> /home/nuc-lassie/practical_course/group_ws/src/install/perception/lib/python3.10/site-packages/perception
[1.149s] byte-compiling /home/nuc-lassie/practical_course/group_ws/src/install/perception/lib/python3.10/site-packages/perception/step_detection_lidar.py to step_detection_lidar.cpython-310.pyc
[1.150s] byte-compiling /home/nuc-lassie/practical_course/group_ws/src/install/perception/lib/python3.10/site-packages/perception/__init__.py to __init__.cpython-310.pyc
[1.150s] byte-compiling /home/nuc-lassie/practical_course/group_ws/src/install/perception/lib/python3.10/site-packages/perception/wall_detection.py to wall_detection.cpython-310.pyc
[1.151s] running install_data
[1.151s] creating /home/nuc-lassie/practical_course/group_ws/src/install/perception/share/ament_index
[1.151s] creating /home/nuc-lassie/practical_course/group_ws/src/install/perception/share/ament_index/resource_index
[1.151s] creating /home/nuc-lassie/practical_course/group_ws/src/install/perception/share/ament_index/resource_index/packages
[1.151s] copying resource/perception -> /home/nuc-lassie/practical_course/group_ws/src/install/perception/share/ament_index/resource_index/packages
[1.151s] copying package.xml -> /home/nuc-lassie/practical_course/group_ws/src/install/perception/share/perception
[1.152s] running install_egg_info
[1.152s] Copying ../build/perception/perception.egg-info to /home/nuc-lassie/practical_course/group_ws/src/install/perception/lib/python3.10/site-packages/perception-0.0.0-py3.10.egg-info
[1.153s] running install_scripts
[1.167s] Installing step_detection_lidar script to /home/nuc-lassie/practical_course/group_ws/src/install/perception/lib/perception
[1.167s] Installing wall_detection script to /home/nuc-lassie/practical_course/group_ws/src/install/perception/lib/perception
[1.167s] writing list of installed files to '/home/nuc-lassie/practical_course/group_ws/src/build/perception/install.log'
[1.184s] Invoked command in '/home/nuc-lassie/practical_course/group_ws/src/perception' returned '0': PYTHONPATH=/home/nuc-lassie/practical_course/group_ws/src/build/perception/prefix_override:/usr/lib/python3/dist-packages/colcon_core/task/python/colcon_distutils_commands:/home/nuc-lassie/practical_course/group_ws/src/install/perception/lib/python3.10/site-packages:${PYTHONPATH} /usr/bin/python3 -W ignore:setup.py install is deprecated -W ignore:easy_install command is deprecated setup.py egg_info --egg-base ../build/perception build --build-base /home/nuc-lassie/practical_course/group_ws/src/build/perception/build install --record /home/nuc-lassie/practical_course/group_ws/src/build/perception/install.log --single-version-externally-managed install_data
