[0.007s] Invoking command in '/home/nuc-lassie/practical_course/group_ws/src/pc_interfaces/build/pc_interfaces': CMAKE_PREFIX_PATH=${CMAKE_PREFIX_PATH}:/home/nuc-lassie/practical_course/robot_ws/install/twist_stamper:/home/nuc-lassie/practical_course/robot_ws/install/image_package:/home/nuc-lassie/practical_course/robot_ws/install/go2_front_camera_driver:/opt/ros/humble /usr/bin/cmake /home/nuc-lassie/practical_course/group_ws/src/pc_interfaces -DCMAKE_INSTALL_PREFIX=/home/nuc-lassie/practical_course/group_ws/src/pc_interfaces/install/pc_interfaces
[0.017s] -- Found ament_cmake: 1.3.11 (/opt/ros/humble/share/ament_cmake/cmake)
[0.121s] -- Found rosidl_default_generators: 1.2.0 (/opt/ros/humble/share/rosidl_default_generators/cmake)
[0.123s] -- Using all available rosidl_typesupport_c: rosidl_typesupport_fastrtps_c;rosidl_typesupport_introspection_c
[0.125s] -- Found rosidl_adapter: 3.1.6 (/opt/ros/humble/share/rosidl_adapter/cmake)
[0.145s] -- Using all available rosidl_typesupport_cpp: rosidl_typesupport_fastrtps_cpp;rosidl_typesupport_introspection_cpp
[0.291s] [31mCMake Error at /opt/ros/humble/share/rosidl_adapter/cmake/rosidl_adapt_interfaces.cmake:59 (message):
[0.291s]   execute_process(/usr/bin/python3 -m rosidl_adapter --package-name
[0.291s]   pc_interfaces --arguments-file
[0.291s]   /home/nuc-lassie/practical_course/group_ws/src/pc_interfaces/build/pc_interfaces/rosidl_adapter__arguments__pc_interfaces.json
[0.291s]   --output-dir
[0.291s]   /home/nuc-lassie/practical_course/group_ws/src/pc_interfaces/build/pc_interfaces/rosidl_adapter/pc_interfaces
[0.291s]   --output-file
[0.292s]   /home/nuc-lassie/practical_course/group_ws/src/pc_interfaces/build/pc_interfaces/rosidl_adapter/pc_interfaces.idls)
[0.292s]   returned error code 1:
[0.292s] 
[0.292s]   Traceback (most recent call last):
[0.292s] 
[0.292s]     File "/usr/lib/python3.10/runpy.py", line 196, in _run_module_as_main
[0.292s]       return _run_code(code, main_globals, None,
[0.292s]     File "/usr/lib/python3.10/runpy.py", line 86, in _run_code
[0.292s]       exec(code, run_globals)
[0.292s]     File "/opt/ros/humble/local/lib/python3.10/dist-packages/rosidl_adapter/__main__.py", line 19, in <module>
[0.292s]       sys.exit(main())
[0.292s]     File "/opt/ros/humble/local/lib/python3.10/dist-packages/rosidl_adapter/main.py", line 53, in main
[0.292s]       abs_idl_file = convert_to_idl(
[0.292s]     File "/opt/ros/humble/local/lib/python3.10/dist-packages/rosidl_adapter/__init__.py", line 24, in convert_to_idl
[0.292s]       return convert_srv_to_idl(
[0.292s]     File "/opt/ros/humble/local/lib/python3.10/dist-packages/rosidl_adapter/srv/__init__.py", line 28, in convert_srv_to_idl
[0.292s]       srv = parse_service_string(package_name, input_file.stem, content)
[0.292s]     File "/opt/ros/humble/local/lib/python3.10/dist-packages/rosidl_adapter/parser.py", line 850, in parse_service_string
[0.292s]       raise InvalidServiceSpecification(
[0.292s] 
[0.292s]   rosidl_adapter.parser.InvalidServiceSpecification: Could not find separator
[0.292s]   '---' between request and response
[0.292s] 
[0.293s] Call Stack (most recent call first):
[0.293s]   /opt/ros/humble/share/rosidl_cmake/cmake/rosidl_generate_interfaces.cmake:130 (rosidl_adapt_interfaces)
[0.293s]   CMakeLists.txt:12 (rosidl_generate_interfaces)
[0.293s] 
[0.293s] [0m
[0.293s] -- Configuring incomplete, errors occurred!
[0.293s] See also "/home/nuc-lassie/practical_course/group_ws/src/pc_interfaces/build/pc_interfaces/CMakeFiles/CMakeOutput.log".
[0.295s] Invoked command in '/home/nuc-lassie/practical_course/group_ws/src/pc_interfaces/build/pc_interfaces' returned '1': CMAKE_PREFIX_PATH=${CMAKE_PREFIX_PATH}:/home/nuc-lassie/practical_course/robot_ws/install/twist_stamper:/home/nuc-lassie/practical_course/robot_ws/install/image_package:/home/nuc-lassie/practical_course/robot_ws/install/go2_front_camera_driver:/opt/ros/humble /usr/bin/cmake /home/nuc-lassie/practical_course/group_ws/src/pc_interfaces -DCMAKE_INSTALL_PREFIX=/home/nuc-lassie/practical_course/group_ws/src/pc_interfaces/install/pc_interfaces
