[0.014s] Invoking command in '/home/nuc-lassie/practical_course/group_ws/src/build/pc_interfaces': CMAKE_PREFIX_PATH=${CMAKE_PREFIX_PATH}:/home/nuc-lassie/practical_course/robot_ws/install/twist_stamper:/home/nuc-lassie/practical_course/robot_ws/install/image_package:/home/nuc-lassie/practical_course/robot_ws/install/go2_front_camera_driver:/opt/ros/humble /usr/bin/cmake --build /home/nuc-lassie/practical_course/group_ws/src/build/pc_interfaces -- -j8 -l8
[0.209s] [35m[1mConsolidate compiler generated dependencies of target pc_interfaces__rosidl_generator_c[0m
[0.210s] [  2%] Built target pc_interfaces__cpp
[0.210s] [35m[1mConsolidate compiler generated dependencies of target pc_interfaces__rosidl_typesupport_cpp[0m
[0.210s] [35m[1mConsolidate compiler generated dependencies of target pc_interfaces__rosidl_typesupport_introspection_cpp[0m
[0.210s] [ 12%] Built target pc_interfaces__rosidl_generator_c
[0.210s] [35m[1mConsolidate compiler generated dependencies of target pc_interfaces__rosidl_typesupport_fastrtps_cpp[0m
[0.210s] [ 12%] Built target ament_cmake_python_copy_pc_interfaces
[0.210s] [ 28%] Built target pc_interfaces__rosidl_typesupport_introspection_cpp
[0.210s] [ 33%] Built target pc_interfaces__rosidl_typesupport_cpp
[0.210s] [35m[1mConsolidate compiler generated dependencies of target pc_interfaces__rosidl_typesupport_c[0m
[0.210s] [35m[1mConsolidate compiler generated dependencies of target pc_interfaces__rosidl_typesupport_fastrtps_c[0m
[0.210s] [35m[1mConsolidate compiler generated dependencies of target pc_interfaces__rosidl_typesupport_introspection_c[0m
[0.210s] [ 43%] Built target pc_interfaces__rosidl_typesupport_fastrtps_cpp
[0.211s] [ 53%] Built target pc_interfaces__rosidl_typesupport_introspection_c
[0.211s] [ 64%] Built target pc_interfaces__rosidl_typesupport_c
[0.211s] [ 74%] Built target pc_interfaces__rosidl_typesupport_fastrtps_c
[0.211s] [ 74%] Built target pc_interfaces
[0.211s] [ 76%] Built target pc_interfaces__py
[0.211s] [35m[1mConsolidate compiler generated dependencies of target pc_interfaces__rosidl_generator_py[0m
[0.211s] [ 84%] Built target pc_interfaces__rosidl_generator_py
[0.211s] [35m[1mConsolidate compiler generated dependencies of target pc_interfaces__rosidl_typesupport_fastrtps_c__pyext[0m
[0.211s] [35m[1mConsolidate compiler generated dependencies of target pc_interfaces__rosidl_typesupport_introspection_c__pyext[0m
[0.211s] [35m[1mConsolidate compiler generated dependencies of target pc_interfaces__rosidl_typesupport_c__pyext[0m
[0.211s] [ 89%] Built target pc_interfaces__rosidl_typesupport_fastrtps_c__pyext
[0.211s] [ 94%] Built target pc_interfaces__rosidl_typesupport_introspection_c__pyext
[0.211s] [100%] Built target pc_interfaces__rosidl_typesupport_c__pyext
[0.274s] running egg_info
[0.274s] writing pc_interfaces.egg-info/PKG-INFO
[0.275s] writing dependency_links to pc_interfaces.egg-info/dependency_links.txt
[0.275s] writing top-level names to pc_interfaces.egg-info/top_level.txt
[0.276s] reading manifest file 'pc_interfaces.egg-info/SOURCES.txt'
[0.276s] writing manifest file 'pc_interfaces.egg-info/SOURCES.txt'
[0.295s] [100%] Built target ament_cmake_python_build_pc_interfaces_egg
[0.396s] Invoked command in '/home/nuc-lassie/practical_course/group_ws/src/build/pc_interfaces' returned '0': CMAKE_PREFIX_PATH=${CMAKE_PREFIX_PATH}:/home/nuc-lassie/practical_course/robot_ws/install/twist_stamper:/home/nuc-lassie/practical_course/robot_ws/install/image_package:/home/nuc-lassie/practical_course/robot_ws/install/go2_front_camera_driver:/opt/ros/humble /usr/bin/cmake --build /home/nuc-lassie/practical_course/group_ws/src/build/pc_interfaces -- -j8 -l8
[0.403s] Invoking command in '/home/nuc-lassie/practical_course/group_ws/src/build/pc_interfaces': CMAKE_PREFIX_PATH=${CMAKE_PREFIX_PATH}:/home/nuc-lassie/practical_course/robot_ws/install/twist_stamper:/home/nuc-lassie/practical_course/robot_ws/install/image_package:/home/nuc-lassie/practical_course/robot_ws/install/go2_front_camera_driver:/opt/ros/humble /usr/bin/cmake --install /home/nuc-lassie/practical_course/group_ws/src/build/pc_interfaces
[0.408s] -- Install configuration: ""
[0.408s] -- Up-to-date: /home/nuc-lassie/practical_course/group_ws/src/install/pc_interfaces/share/ament_index/resource_index/rosidl_interfaces/pc_interfaces
[0.409s] -- Up-to-date: /home/nuc-lassie/practical_course/group_ws/src/install/pc_interfaces/include/pc_interfaces/pc_interfaces
[0.409s] -- Up-to-date: /home/nuc-lassie/practical_course/group_ws/src/install/pc_interfaces/include/pc_interfaces/pc_interfaces/srv
[0.409s] -- Up-to-date: /home/nuc-lassie/practical_course/group_ws/src/install/pc_interfaces/include/pc_interfaces/pc_interfaces/srv/detail
[0.409s] -- Up-to-date: /home/nuc-lassie/practical_course/group_ws/src/install/pc_interfaces/include/pc_interfaces/pc_interfaces/srv/detail/return_student_age__functions.c
[0.409s] -- Up-to-date: /home/nuc-lassie/practical_course/group_ws/src/install/pc_interfaces/include/pc_interfaces/pc_interfaces/srv/detail/return_student_age__type_support.h
[0.409s] -- Up-to-date: /home/nuc-lassie/practical_course/group_ws/src/install/pc_interfaces/include/pc_interfaces/pc_interfaces/srv/detail/return_student_age__struct.h
[0.409s] -- Up-to-date: /home/nuc-lassie/practical_course/group_ws/src/install/pc_interfaces/include/pc_interfaces/pc_interfaces/srv/detail/return_student_age__functions.h
[0.409s] -- Up-to-date: /home/nuc-lassie/practical_course/group_ws/src/install/pc_interfaces/include/pc_interfaces/pc_interfaces/srv/return_student_age.h
[0.409s] -- Up-to-date: /home/nuc-lassie/practical_course/group_ws/src/install/pc_interfaces/include/pc_interfaces/pc_interfaces/msg
[0.409s] -- Up-to-date: /home/nuc-lassie/practical_course/group_ws/src/install/pc_interfaces/include/pc_interfaces/pc_interfaces/msg/detail
[0.409s] -- Up-to-date: /home/nuc-lassie/practical_course/group_ws/src/install/pc_interfaces/include/pc_interfaces/pc_interfaces/msg/detail/student__functions.c
[0.409s] -- Up-to-date: /home/nuc-lassie/practical_course/group_ws/src/install/pc_interfaces/include/pc_interfaces/pc_interfaces/msg/detail/student__functions.h
[0.409s] -- Up-to-date: /home/nuc-lassie/practical_course/group_ws/src/install/pc_interfaces/include/pc_interfaces/pc_interfaces/msg/detail/student__struct.h
[0.409s] -- Up-to-date: /home/nuc-lassie/practical_course/group_ws/src/install/pc_interfaces/include/pc_interfaces/pc_interfaces/msg/detail/student__type_support.h
[0.409s] -- Up-to-date: /home/nuc-lassie/practical_course/group_ws/src/install/pc_interfaces/include/pc_interfaces/pc_interfaces/msg/rosidl_generator_c__visibility_control.h
[0.409s] -- Up-to-date: /home/nuc-lassie/practical_course/group_ws/src/install/pc_interfaces/include/pc_interfaces/pc_interfaces/msg/student.h
[0.409s] -- Up-to-date: /home/nuc-lassie/practical_course/group_ws/src/install/pc_interfaces/share/pc_interfaces/environment/library_path.sh
[0.410s] -- Up-to-date: /home/nuc-lassie/practical_course/group_ws/src/install/pc_interfaces/share/pc_interfaces/environment/library_path.dsv
[0.410s] -- Up-to-date: /home/nuc-lassie/practical_course/group_ws/src/install/pc_interfaces/lib/libpc_interfaces__rosidl_generator_c.so
[0.410s] -- Up-to-date: /home/nuc-lassie/practical_course/group_ws/src/install/pc_interfaces/include/pc_interfaces/pc_interfaces
[0.410s] -- Up-to-date: /home/nuc-lassie/practical_course/group_ws/src/install/pc_interfaces/include/pc_interfaces/pc_interfaces/srv
[0.410s] -- Up-to-date: /home/nuc-lassie/practical_course/group_ws/src/install/pc_interfaces/include/pc_interfaces/pc_interfaces/srv/detail
[0.410s] -- Up-to-date: /home/nuc-lassie/practical_course/group_ws/src/install/pc_interfaces/include/pc_interfaces/pc_interfaces/srv/detail/return_student_age__rosidl_typesupport_fastrtps_c.h
[0.410s] -- Up-to-date: /home/nuc-lassie/practical_course/group_ws/src/install/pc_interfaces/include/pc_interfaces/pc_interfaces/msg
[0.410s] -- Up-to-date: /home/nuc-lassie/practical_course/group_ws/src/install/pc_interfaces/include/pc_interfaces/pc_interfaces/msg/detail
[0.410s] -- Up-to-date: /home/nuc-lassie/practical_course/group_ws/src/install/pc_interfaces/include/pc_interfaces/pc_interfaces/msg/detail/student__rosidl_typesupport_fastrtps_c.h
[0.410s] -- Up-to-date: /home/nuc-lassie/practical_course/group_ws/src/install/pc_interfaces/include/pc_interfaces/pc_interfaces/msg/rosidl_typesupport_fastrtps_c__visibility_control.h
[0.410s] -- Up-to-date: /home/nuc-lassie/practical_course/group_ws/src/install/pc_interfaces/lib/libpc_interfaces__rosidl_typesupport_fastrtps_c.so
[0.410s] -- Up-to-date: /home/nuc-lassie/practical_course/group_ws/src/install/pc_interfaces/include/pc_interfaces/pc_interfaces
[0.410s] -- Up-to-date: /home/nuc-lassie/practical_course/group_ws/src/install/pc_interfaces/include/pc_interfaces/pc_interfaces/srv
[0.410s] -- Up-to-date: /home/nuc-lassie/practical_course/group_ws/src/install/pc_interfaces/include/pc_interfaces/pc_interfaces/srv/detail
[0.410s] -- Up-to-date: /home/nuc-lassie/practical_course/group_ws/src/install/pc_interfaces/include/pc_interfaces/pc_interfaces/srv/detail/return_student_age__rosidl_typesupport_introspection_c.h
[0.410s] -- Up-to-date: /home/nuc-lassie/practical_course/group_ws/src/install/pc_interfaces/include/pc_interfaces/pc_interfaces/srv/detail/return_student_age__type_support.c
[0.410s] -- Up-to-date: /home/nuc-lassie/practical_course/group_ws/src/install/pc_interfaces/include/pc_interfaces/pc_interfaces/msg
[0.410s] -- Up-to-date: /home/nuc-lassie/practical_course/group_ws/src/install/pc_interfaces/include/pc_interfaces/pc_interfaces/msg/detail
[0.411s] -- Up-to-date: /home/nuc-lassie/practical_course/group_ws/src/install/pc_interfaces/include/pc_interfaces/pc_interfaces/msg/detail/student__type_support.c
[0.411s] -- Up-to-date: /home/nuc-lassie/practical_course/group_ws/src/install/pc_interfaces/include/pc_interfaces/pc_interfaces/msg/detail/student__rosidl_typesupport_introspection_c.h
[0.411s] -- Up-to-date: /home/nuc-lassie/practical_course/group_ws/src/install/pc_interfaces/include/pc_interfaces/pc_interfaces/msg/rosidl_typesupport_introspection_c__visibility_control.h
[0.411s] -- Up-to-date: /home/nuc-lassie/practical_course/group_ws/src/install/pc_interfaces/lib/libpc_interfaces__rosidl_typesupport_introspection_c.so
[0.411s] -- Up-to-date: /home/nuc-lassie/practical_course/group_ws/src/install/pc_interfaces/lib/libpc_interfaces__rosidl_typesupport_c.so
[0.411s] -- Up-to-date: /home/nuc-lassie/practical_course/group_ws/src/install/pc_interfaces/include/pc_interfaces/pc_interfaces
[0.411s] -- Up-to-date: /home/nuc-lassie/practical_course/group_ws/src/install/pc_interfaces/include/pc_interfaces/pc_interfaces/srv
[0.411s] -- Up-to-date: /home/nuc-lassie/practical_course/group_ws/src/install/pc_interfaces/include/pc_interfaces/pc_interfaces/srv/detail
[0.411s] -- Up-to-date: /home/nuc-lassie/practical_course/group_ws/src/install/pc_interfaces/include/pc_interfaces/pc_interfaces/srv/detail/return_student_age__builder.hpp
[0.411s] -- Up-to-date: /home/nuc-lassie/practical_course/group_ws/src/install/pc_interfaces/include/pc_interfaces/pc_interfaces/srv/detail/return_student_age__traits.hpp
[0.411s] -- Up-to-date: /home/nuc-lassie/practical_course/group_ws/src/install/pc_interfaces/include/pc_interfaces/pc_interfaces/srv/detail/return_student_age__type_support.hpp
[0.411s] -- Up-to-date: /home/nuc-lassie/practical_course/group_ws/src/install/pc_interfaces/include/pc_interfaces/pc_interfaces/srv/detail/return_student_age__struct.hpp
[0.411s] -- Up-to-date: /home/nuc-lassie/practical_course/group_ws/src/install/pc_interfaces/include/pc_interfaces/pc_interfaces/srv/return_student_age.hpp
[0.411s] -- Up-to-date: /home/nuc-lassie/practical_course/group_ws/src/install/pc_interfaces/include/pc_interfaces/pc_interfaces/msg
[0.411s] -- Up-to-date: /home/nuc-lassie/practical_course/group_ws/src/install/pc_interfaces/include/pc_interfaces/pc_interfaces/msg/detail
[0.411s] -- Up-to-date: /home/nuc-lassie/practical_course/group_ws/src/install/pc_interfaces/include/pc_interfaces/pc_interfaces/msg/detail/student__traits.hpp
[0.411s] -- Up-to-date: /home/nuc-lassie/practical_course/group_ws/src/install/pc_interfaces/include/pc_interfaces/pc_interfaces/msg/detail/student__builder.hpp
[0.412s] -- Up-to-date: /home/nuc-lassie/practical_course/group_ws/src/install/pc_interfaces/include/pc_interfaces/pc_interfaces/msg/detail/student__struct.hpp
[0.412s] -- Up-to-date: /home/nuc-lassie/practical_course/group_ws/src/install/pc_interfaces/include/pc_interfaces/pc_interfaces/msg/detail/student__type_support.hpp
[0.412s] -- Up-to-date: /home/nuc-lassie/practical_course/group_ws/src/install/pc_interfaces/include/pc_interfaces/pc_interfaces/msg/student.hpp
[0.412s] -- Up-to-date: /home/nuc-lassie/practical_course/group_ws/src/install/pc_interfaces/include/pc_interfaces/pc_interfaces/msg/rosidl_generator_cpp__visibility_control.hpp
[0.412s] -- Up-to-date: /home/nuc-lassie/practical_course/group_ws/src/install/pc_interfaces/include/pc_interfaces/pc_interfaces
[0.412s] -- Up-to-date: /home/nuc-lassie/practical_course/group_ws/src/install/pc_interfaces/include/pc_interfaces/pc_interfaces/srv
[0.412s] -- Up-to-date: /home/nuc-lassie/practical_course/group_ws/src/install/pc_interfaces/include/pc_interfaces/pc_interfaces/srv/detail
[0.412s] -- Up-to-date: /home/nuc-lassie/practical_course/group_ws/src/install/pc_interfaces/include/pc_interfaces/pc_interfaces/srv/detail/dds_fastrtps
[0.412s] -- Up-to-date: /home/nuc-lassie/practical_course/group_ws/src/install/pc_interfaces/include/pc_interfaces/pc_interfaces/srv/detail/return_student_age__rosidl_typesupport_fastrtps_cpp.hpp
[0.412s] -- Up-to-date: /home/nuc-lassie/practical_course/group_ws/src/install/pc_interfaces/include/pc_interfaces/pc_interfaces/msg
[0.412s] -- Up-to-date: /home/nuc-lassie/practical_course/group_ws/src/install/pc_interfaces/include/pc_interfaces/pc_interfaces/msg/detail
[0.412s] -- Up-to-date: /home/nuc-lassie/practical_course/group_ws/src/install/pc_interfaces/include/pc_interfaces/pc_interfaces/msg/detail/student__rosidl_typesupport_fastrtps_cpp.hpp
[0.412s] -- Up-to-date: /home/nuc-lassie/practical_course/group_ws/src/install/pc_interfaces/include/pc_interfaces/pc_interfaces/msg/detail/dds_fastrtps
[0.412s] -- Up-to-date: /home/nuc-lassie/practical_course/group_ws/src/install/pc_interfaces/include/pc_interfaces/pc_interfaces/msg/rosidl_typesupport_fastrtps_cpp__visibility_control.h
[0.412s] -- Up-to-date: /home/nuc-lassie/practical_course/group_ws/src/install/pc_interfaces/lib/libpc_interfaces__rosidl_typesupport_fastrtps_cpp.so
[0.412s] -- Up-to-date: /home/nuc-lassie/practical_course/group_ws/src/install/pc_interfaces/include/pc_interfaces/pc_interfaces
[0.412s] -- Up-to-date: /home/nuc-lassie/practical_course/group_ws/src/install/pc_interfaces/include/pc_interfaces/pc_interfaces/srv
[0.412s] -- Up-to-date: /home/nuc-lassie/practical_course/group_ws/src/install/pc_interfaces/include/pc_interfaces/pc_interfaces/srv/detail
[0.412s] -- Up-to-date: /home/nuc-lassie/practical_course/group_ws/src/install/pc_interfaces/include/pc_interfaces/pc_interfaces/srv/detail/return_student_age__rosidl_typesupport_introspection_cpp.hpp
[0.412s] -- Up-to-date: /home/nuc-lassie/practical_course/group_ws/src/install/pc_interfaces/include/pc_interfaces/pc_interfaces/srv/detail/return_student_age__type_support.cpp
[0.412s] -- Up-to-date: /home/nuc-lassie/practical_course/group_ws/src/install/pc_interfaces/include/pc_interfaces/pc_interfaces/msg
[0.412s] -- Up-to-date: /home/nuc-lassie/practical_course/group_ws/src/install/pc_interfaces/include/pc_interfaces/pc_interfaces/msg/detail
[0.412s] -- Up-to-date: /home/nuc-lassie/practical_course/group_ws/src/install/pc_interfaces/include/pc_interfaces/pc_interfaces/msg/detail/student__rosidl_typesupport_introspection_cpp.hpp
[0.412s] -- Up-to-date: /home/nuc-lassie/practical_course/group_ws/src/install/pc_interfaces/include/pc_interfaces/pc_interfaces/msg/detail/student__type_support.cpp
[0.413s] -- Up-to-date: /home/nuc-lassie/practical_course/group_ws/src/install/pc_interfaces/lib/libpc_interfaces__rosidl_typesupport_introspection_cpp.so
[0.413s] -- Up-to-date: /home/nuc-lassie/practical_course/group_ws/src/install/pc_interfaces/lib/libpc_interfaces__rosidl_typesupport_cpp.so
[0.413s] -- Up-to-date: /home/nuc-lassie/practical_course/group_ws/src/install/pc_interfaces/share/pc_interfaces/environment/pythonpath.sh
[0.413s] -- Up-to-date: /home/nuc-lassie/practical_course/group_ws/src/install/pc_interfaces/share/pc_interfaces/environment/pythonpath.dsv
[0.413s] -- Up-to-date: /home/nuc-lassie/practical_course/group_ws/src/install/pc_interfaces/local/lib/python3.10/dist-packages/pc_interfaces-0.0.0-py3.10.egg-info
[0.413s] -- Installing: /home/nuc-lassie/practical_course/group_ws/src/install/pc_interfaces/local/lib/python3.10/dist-packages/pc_interfaces-0.0.0-py3.10.egg-info/PKG-INFO
[0.413s] -- Installing: /home/nuc-lassie/practical_course/group_ws/src/install/pc_interfaces/local/lib/python3.10/dist-packages/pc_interfaces-0.0.0-py3.10.egg-info/top_level.txt
[0.413s] -- Installing: /home/nuc-lassie/practical_course/group_ws/src/install/pc_interfaces/local/lib/python3.10/dist-packages/pc_interfaces-0.0.0-py3.10.egg-info/SOURCES.txt
[0.413s] -- Installing: /home/nuc-lassie/practical_course/group_ws/src/install/pc_interfaces/local/lib/python3.10/dist-packages/pc_interfaces-0.0.0-py3.10.egg-info/dependency_links.txt
[0.413s] -- Up-to-date: /home/nuc-lassie/practical_course/group_ws/src/install/pc_interfaces/local/lib/python3.10/dist-packages/pc_interfaces
[0.413s] -- Up-to-date: /home/nuc-lassie/practical_course/group_ws/src/install/pc_interfaces/local/lib/python3.10/dist-packages/pc_interfaces/pc_interfaces_s__rosidl_typesupport_c.cpython-310-x86_64-linux-gnu.so
[0.413s] -- Up-to-date: /home/nuc-lassie/practical_course/group_ws/src/install/pc_interfaces/local/lib/python3.10/dist-packages/pc_interfaces/_pc_interfaces_s.ep.rosidl_typesupport_introspection_c.c
[0.413s] -- Up-to-date: /home/nuc-lassie/practical_course/group_ws/src/install/pc_interfaces/local/lib/python3.10/dist-packages/pc_interfaces/_pc_interfaces_s.ep.rosidl_typesupport_c.c
[0.413s] -- Up-to-date: /home/nuc-lassie/practical_course/group_ws/src/install/pc_interfaces/local/lib/python3.10/dist-packages/pc_interfaces/libpc_interfaces__rosidl_generator_py.so
[0.413s] -- Up-to-date: /home/nuc-lassie/practical_course/group_ws/src/install/pc_interfaces/local/lib/python3.10/dist-packages/pc_interfaces/pc_interfaces_s__rosidl_typesupport_introspection_c.cpython-310-x86_64-linux-gnu.so
[0.413s] -- Up-to-date: /home/nuc-lassie/practical_course/group_ws/src/install/pc_interfaces/local/lib/python3.10/dist-packages/pc_interfaces/__init__.py
[0.413s] -- Up-to-date: /home/nuc-lassie/practical_course/group_ws/src/install/pc_interfaces/local/lib/python3.10/dist-packages/pc_interfaces/srv
[0.413s] -- Up-to-date: /home/nuc-lassie/practical_course/group_ws/src/install/pc_interfaces/local/lib/python3.10/dist-packages/pc_interfaces/srv/_return_student_age_s.c
[0.413s] -- Up-to-date: /home/nuc-lassie/practical_course/group_ws/src/install/pc_interfaces/local/lib/python3.10/dist-packages/pc_interfaces/srv/__init__.py
[0.413s] -- Up-to-date: /home/nuc-lassie/practical_course/group_ws/src/install/pc_interfaces/local/lib/python3.10/dist-packages/pc_interfaces/srv/_return_student_age.py
[0.413s] -- Up-to-date: /home/nuc-lassie/practical_course/group_ws/src/install/pc_interfaces/local/lib/python3.10/dist-packages/pc_interfaces/pc_interfaces_s__rosidl_typesupport_fastrtps_c.cpython-310-x86_64-linux-gnu.so
[0.413s] -- Up-to-date: /home/nuc-lassie/practical_course/group_ws/src/install/pc_interfaces/local/lib/python3.10/dist-packages/pc_interfaces/msg
[0.413s] -- Up-to-date: /home/nuc-lassie/practical_course/group_ws/src/install/pc_interfaces/local/lib/python3.10/dist-packages/pc_interfaces/msg/_student_s.c
[0.413s] -- Up-to-date: /home/nuc-lassie/practical_course/group_ws/src/install/pc_interfaces/local/lib/python3.10/dist-packages/pc_interfaces/msg/__init__.py
[0.413s] -- Up-to-date: /home/nuc-lassie/practical_course/group_ws/src/install/pc_interfaces/local/lib/python3.10/dist-packages/pc_interfaces/msg/_student.py
[0.413s] -- Up-to-date: /home/nuc-lassie/practical_course/group_ws/src/install/pc_interfaces/local/lib/python3.10/dist-packages/pc_interfaces/_pc_interfaces_s.ep.rosidl_typesupport_fastrtps_c.c
[0.438s] Listing '/home/nuc-lassie/practical_course/group_ws/src/install/pc_interfaces/local/lib/python3.10/dist-packages/pc_interfaces'...
[0.438s] Listing '/home/nuc-lassie/practical_course/group_ws/src/install/pc_interfaces/local/lib/python3.10/dist-packages/pc_interfaces/msg'...
[0.439s] Listing '/home/nuc-lassie/practical_course/group_ws/src/install/pc_interfaces/local/lib/python3.10/dist-packages/pc_interfaces/srv'...
[0.442s] -- Up-to-date: /home/nuc-lassie/practical_course/group_ws/src/install/pc_interfaces/local/lib/python3.10/dist-packages/pc_interfaces/pc_interfaces_s__rosidl_typesupport_fastrtps_c.cpython-310-x86_64-linux-gnu.so
[0.442s] -- Up-to-date: /home/nuc-lassie/practical_course/group_ws/src/install/pc_interfaces/local/lib/python3.10/dist-packages/pc_interfaces/pc_interfaces_s__rosidl_typesupport_introspection_c.cpython-310-x86_64-linux-gnu.so
[0.442s] -- Up-to-date: /home/nuc-lassie/practical_course/group_ws/src/install/pc_interfaces/local/lib/python3.10/dist-packages/pc_interfaces/pc_interfaces_s__rosidl_typesupport_c.cpython-310-x86_64-linux-gnu.so
[0.442s] -- Up-to-date: /home/nuc-lassie/practical_course/group_ws/src/install/pc_interfaces/lib/libpc_interfaces__rosidl_generator_py.so
[0.442s] -- Up-to-date: /home/nuc-lassie/practical_course/group_ws/src/install/pc_interfaces/share/pc_interfaces/msg/Student.idl
[0.443s] -- Up-to-date: /home/nuc-lassie/practical_course/group_ws/src/install/pc_interfaces/share/pc_interfaces/srv/ReturnStudentAge.idl
[0.443s] -- Up-to-date: /home/nuc-lassie/practical_course/group_ws/src/install/pc_interfaces/share/pc_interfaces/msg/Student.msg
[0.443s] -- Up-to-date: /home/nuc-lassie/practical_course/group_ws/src/install/pc_interfaces/share/pc_interfaces/srv/ReturnStudentAge.srv
[0.443s] -- Up-to-date: /home/nuc-lassie/practical_course/group_ws/src/install/pc_interfaces/share/pc_interfaces/srv/ReturnStudentAge_Request.msg
[0.443s] -- Up-to-date: /home/nuc-lassie/practical_course/group_ws/src/install/pc_interfaces/share/pc_interfaces/srv/ReturnStudentAge_Response.msg
[0.443s] -- Up-to-date: /home/nuc-lassie/practical_course/group_ws/src/install/pc_interfaces/share/ament_index/resource_index/package_run_dependencies/pc_interfaces
[0.443s] -- Up-to-date: /home/nuc-lassie/practical_course/group_ws/src/install/pc_interfaces/share/ament_index/resource_index/parent_prefix_path/pc_interfaces
[0.444s] -- Up-to-date: /home/nuc-lassie/practical_course/group_ws/src/install/pc_interfaces/share/pc_interfaces/environment/ament_prefix_path.sh
[0.444s] -- Up-to-date: /home/nuc-lassie/practical_course/group_ws/src/install/pc_interfaces/share/pc_interfaces/environment/ament_prefix_path.dsv
[0.444s] -- Up-to-date: /home/nuc-lassie/practical_course/group_ws/src/install/pc_interfaces/share/pc_interfaces/environment/path.sh
[0.444s] -- Up-to-date: /home/nuc-lassie/practical_course/group_ws/src/install/pc_interfaces/share/pc_interfaces/environment/path.dsv
[0.444s] -- Up-to-date: /home/nuc-lassie/practical_course/group_ws/src/install/pc_interfaces/share/pc_interfaces/local_setup.bash
[0.444s] -- Up-to-date: /home/nuc-lassie/practical_course/group_ws/src/install/pc_interfaces/share/pc_interfaces/local_setup.sh
[0.444s] -- Up-to-date: /home/nuc-lassie/practical_course/group_ws/src/install/pc_interfaces/share/pc_interfaces/local_setup.zsh
[0.444s] -- Up-to-date: /home/nuc-lassie/practical_course/group_ws/src/install/pc_interfaces/share/pc_interfaces/local_setup.dsv
[0.444s] -- Installing: /home/nuc-lassie/practical_course/group_ws/src/install/pc_interfaces/share/pc_interfaces/package.dsv
[0.444s] -- Up-to-date: /home/nuc-lassie/practical_course/group_ws/src/install/pc_interfaces/share/ament_index/resource_index/packages/pc_interfaces
[0.444s] -- Up-to-date: /home/nuc-lassie/practical_course/group_ws/src/install/pc_interfaces/share/pc_interfaces/cmake/export_pc_interfaces__rosidl_generator_cExport.cmake
[0.444s] -- Up-to-date: /home/nuc-lassie/practical_course/group_ws/src/install/pc_interfaces/share/pc_interfaces/cmake/export_pc_interfaces__rosidl_generator_cExport-noconfig.cmake
[0.445s] -- Up-to-date: /home/nuc-lassie/practical_course/group_ws/src/install/pc_interfaces/share/pc_interfaces/cmake/export_pc_interfaces__rosidl_typesupport_fastrtps_cExport.cmake
[0.445s] -- Up-to-date: /home/nuc-lassie/practical_course/group_ws/src/install/pc_interfaces/share/pc_interfaces/cmake/export_pc_interfaces__rosidl_typesupport_fastrtps_cExport-noconfig.cmake
[0.445s] -- Up-to-date: /home/nuc-lassie/practical_course/group_ws/src/install/pc_interfaces/share/pc_interfaces/cmake/pc_interfaces__rosidl_typesupport_introspection_cExport.cmake
[0.445s] -- Up-to-date: /home/nuc-lassie/practical_course/group_ws/src/install/pc_interfaces/share/pc_interfaces/cmake/pc_interfaces__rosidl_typesupport_introspection_cExport-noconfig.cmake
[0.445s] -- Up-to-date: /home/nuc-lassie/practical_course/group_ws/src/install/pc_interfaces/share/pc_interfaces/cmake/pc_interfaces__rosidl_typesupport_cExport.cmake
[0.446s] -- Up-to-date: /home/nuc-lassie/practical_course/group_ws/src/install/pc_interfaces/share/pc_interfaces/cmake/pc_interfaces__rosidl_typesupport_cExport-noconfig.cmake
[0.446s] -- Up-to-date: /home/nuc-lassie/practical_course/group_ws/src/install/pc_interfaces/share/pc_interfaces/cmake/export_pc_interfaces__rosidl_generator_cppExport.cmake
[0.446s] -- Up-to-date: /home/nuc-lassie/practical_course/group_ws/src/install/pc_interfaces/share/pc_interfaces/cmake/export_pc_interfaces__rosidl_typesupport_fastrtps_cppExport.cmake
[0.446s] -- Up-to-date: /home/nuc-lassie/practical_course/group_ws/src/install/pc_interfaces/share/pc_interfaces/cmake/export_pc_interfaces__rosidl_typesupport_fastrtps_cppExport-noconfig.cmake
[0.446s] -- Up-to-date: /home/nuc-lassie/practical_course/group_ws/src/install/pc_interfaces/share/pc_interfaces/cmake/pc_interfaces__rosidl_typesupport_introspection_cppExport.cmake
[0.447s] -- Up-to-date: /home/nuc-lassie/practical_course/group_ws/src/install/pc_interfaces/share/pc_interfaces/cmake/pc_interfaces__rosidl_typesupport_introspection_cppExport-noconfig.cmake
[0.447s] -- Up-to-date: /home/nuc-lassie/practical_course/group_ws/src/install/pc_interfaces/share/pc_interfaces/cmake/pc_interfaces__rosidl_typesupport_cppExport.cmake
[0.447s] -- Up-to-date: /home/nuc-lassie/practical_course/group_ws/src/install/pc_interfaces/share/pc_interfaces/cmake/pc_interfaces__rosidl_typesupport_cppExport-noconfig.cmake
[0.447s] -- Up-to-date: /home/nuc-lassie/practical_course/group_ws/src/install/pc_interfaces/share/pc_interfaces/cmake/export_pc_interfaces__rosidl_generator_pyExport.cmake
[0.447s] -- Up-to-date: /home/nuc-lassie/practical_course/group_ws/src/install/pc_interfaces/share/pc_interfaces/cmake/export_pc_interfaces__rosidl_generator_pyExport-noconfig.cmake
[0.447s] -- Up-to-date: /home/nuc-lassie/practical_course/group_ws/src/install/pc_interfaces/share/pc_interfaces/cmake/rosidl_cmake-extras.cmake
[0.448s] -- Up-to-date: /home/nuc-lassie/practical_course/group_ws/src/install/pc_interfaces/share/pc_interfaces/cmake/ament_cmake_export_include_directories-extras.cmake
[0.448s] -- Up-to-date: /home/nuc-lassie/practical_course/group_ws/src/install/pc_interfaces/share/pc_interfaces/cmake/ament_cmake_export_libraries-extras.cmake
[0.448s] -- Up-to-date: /home/nuc-lassie/practical_course/group_ws/src/install/pc_interfaces/share/pc_interfaces/cmake/ament_cmake_export_targets-extras.cmake
[0.448s] -- Up-to-date: /home/nuc-lassie/practical_course/group_ws/src/install/pc_interfaces/share/pc_interfaces/cmake/rosidl_cmake_export_typesupport_targets-extras.cmake
[0.448s] -- Up-to-date: /home/nuc-lassie/practical_course/group_ws/src/install/pc_interfaces/share/pc_interfaces/cmake/ament_cmake_export_dependencies-extras.cmake
[0.448s] -- Up-to-date: /home/nuc-lassie/practical_course/group_ws/src/install/pc_interfaces/share/pc_interfaces/cmake/rosidl_cmake_export_typesupport_libraries-extras.cmake
[0.449s] -- Up-to-date: /home/nuc-lassie/practical_course/group_ws/src/install/pc_interfaces/share/pc_interfaces/cmake/pc_interfacesConfig.cmake
[0.449s] -- Up-to-date: /home/nuc-lassie/practical_course/group_ws/src/install/pc_interfaces/share/pc_interfaces/cmake/pc_interfacesConfig-version.cmake
[0.449s] -- Up-to-date: /home/nuc-lassie/practical_course/group_ws/src/install/pc_interfaces/share/pc_interfaces/package.xml
[0.449s] Invoked command in '/home/nuc-lassie/practical_course/group_ws/src/build/pc_interfaces' returned '0': CMAKE_PREFIX_PATH=${CMAKE_PREFIX_PATH}:/home/nuc-lassie/practical_course/robot_ws/install/twist_stamper:/home/nuc-lassie/practical_course/robot_ws/install/image_package:/home/nuc-lassie/practical_course/robot_ws/install/go2_front_camera_driver:/opt/ros/humble /usr/bin/cmake --install /home/nuc-lassie/practical_course/group_ws/src/build/pc_interfaces
